"D:/Projects/Stealth/AfterCrashesVer/StealthGameRebuild/Content/Audio/elevator_music_attenuation.uasset" 0
"D:/Projects/Stealth/AfterCrashesVer/StealthGameRebuild/Content/Audio/Effects/death0.uasset" 1
"D:/Projects/Stealth/AfterCrashesVer/StealthGameRebuild/Content/Audio/Effects/death0_Cue.uasset" 2
"D:/Projects/Stealth/AfterCrashesVer/StealthGameRebuild/Content/Audio/Effects/death1.uasset" 3
"D:/Projects/Stealth/AfterCrashesVer/StealthGameRebuild/Content/Audio/Effects/death1_Cue.uasset" 4
"D:/Projects/Stealth/AfterCrashesVer/StealthGameRebuild/Content/Audio/Effects/elevator_close.uasset" 5
"D:/Projects/Stealth/AfterCrashesVer/StealthGameRebuild/Content/Audio/Effects/elevator_close_Cue.uasset" 6
"D:/Projects/Stealth/AfterCrashesVer/StealthGameRebuild/Content/Audio/Effects/elevator_open.uasset" 7
"D:/Projects/Stealth/AfterCrashesVer/StealthGameRebuild/Content/Audio/Effects/elevator_open_Cue.uasset" 8
"D:/Projects/Stealth/AfterCrashesVer/StealthGameRebuild/Content/Audio/Effects/elevator_rise_end.uasset" 9
"D:/Projects/Stealth/AfterCrashesVer/StealthGameRebuild/Content/Audio/Effects/elevator_rise_end_Cue.uasset" 10
"D:/Projects/Stealth/AfterCrashesVer/StealthGameRebuild/Content/Audio/Effects/elevator_rise_loop.uasset" 11
"D:/Projects/Stealth/AfterCrashesVer/StealthGameRebuild/Content/Audio/Effects/elevator_rise_loop_Cue.uasset" 12
"D:/Projects/Stealth/AfterCrashesVer/StealthGameRebuild/Content/Audio/Effects/elevator_rise_start.uasset" 13
"D:/Projects/Stealth/AfterCrashesVer/StealthGameRebuild/Content/Audio/Effects/elevator_rise_start_Cue.uasset" 14
"D:/Projects/Stealth/AfterCrashesVer/StealthGameRebuild/Content/Audio/Effects/gun_shot.uasset" 15
"D:/Projects/Stealth/AfterCrashesVer/StealthGameRebuild/Content/Audio/Effects/gun_shot_Cue.uasset" 16
"D:/Projects/Stealth/AfterCrashesVer/StealthGameRebuild/Content/Audio/Effects/hurt0.uasset" 17
"D:/Projects/Stealth/AfterCrashesVer/StealthGameRebuild/Content/Audio/Effects/hurt0_Cue.uasset" 18
"D:/Projects/Stealth/AfterCrashesVer/StealthGameRebuild/Content/Audio/Effects/hurt1.uasset" 19
"D:/Projects/Stealth/AfterCrashesVer/StealthGameRebuild/Content/Audio/Effects/hurt1_Cue.uasset" 20
"D:/Projects/Stealth/AfterCrashesVer/StealthGameRebuild/Content/Audio/Effects/hurt2.uasset" 21
"D:/Projects/Stealth/AfterCrashesVer/StealthGameRebuild/Content/Audio/Effects/hurt2_Cue.uasset" 22
"D:/Projects/Stealth/AfterCrashesVer/StealthGameRebuild/Content/Audio/Effects/hurt3.uasset" 23
"D:/Projects/Stealth/AfterCrashesVer/StealthGameRebuild/Content/Audio/Effects/hurt3_Cue.uasset" 24
"D:/Projects/Stealth/AfterCrashesVer/StealthGameRebuild/Content/Audio/Effects/hurt4.uasset" 25
"D:/Projects/Stealth/AfterCrashesVer/StealthGameRebuild/Content/Audio/Effects/hurt4_Cue.uasset" 26
"D:/Projects/Stealth/AfterCrashesVer/StealthGameRebuild/Content/Audio/Effects/hurt5.uasset" 27
"D:/Projects/Stealth/AfterCrashesVer/StealthGameRebuild/Content/Audio/Effects/hurt5_Cue.uasset" 28
"D:/Projects/Stealth/AfterCrashesVer/StealthGameRebuild/Content/Audio/Effects/hurt6.uasset" 29
"D:/Projects/Stealth/AfterCrashesVer/StealthGameRebuild/Content/Audio/Effects/hurt6_Cue.uasset" 30
"D:/Projects/Stealth/AfterCrashesVer/StealthGameRebuild/Content/Audio/Effects/hurt7.uasset" 31
"D:/Projects/Stealth/AfterCrashesVer/StealthGameRebuild/Content/Audio/Effects/hurt7_Cue.uasset" 32
"D:/Projects/Stealth/AfterCrashesVer/StealthGameRebuild/Content/Audio/Effects/laser_shot.uasset" 33
"D:/Projects/Stealth/AfterCrashesVer/StealthGameRebuild/Content/Audio/Effects/laser_shot_Cue.uasset" 34
"D:/Projects/Stealth/AfterCrashesVer/StealthGameRebuild/Content/Audio/Effects/laser_stream_start.uasset" 35
"D:/Projects/Stealth/AfterCrashesVer/StealthGameRebuild/Content/Audio/Effects/laser_stream_start_Cue.uasset" 36
"D:/Projects/Stealth/AfterCrashesVer/StealthGameRebuild/Content/Audio/Effects/pick_up_ammo.uasset" 37
"D:/Projects/Stealth/AfterCrashesVer/StealthGameRebuild/Content/Audio/Effects/pick_up_ammo_Cue.uasset" 38
"D:/Projects/Stealth/AfterCrashesVer/StealthGameRebuild/Content/Audio/Effects/pick_up.uasset" 39
"D:/Projects/Stealth/AfterCrashesVer/StealthGameRebuild/Content/Audio/Effects/pick_up_Cue.uasset" 40
"../../../Engine/Content/BasicShapes/BasicShapeMaterial.uasset" 41
"D:/Projects/Stealth/AfterCrashesVer/StealthGameRebuild/Content/Models/mc/textures/mc_head.uasset" 42
"D:/Projects/Stealth/AfterCrashesVer/StealthGameRebuild/Content/Models/mc/textures/mc_head_Mat.uasset" 43
"../../../Engine/Content/Functions/Engine_MaterialFunctions01/Opacity/CameraDepthFade.uasset" 44
"../../../Engine/Content/EngineMaterials/T_Default_Material_Grid_M.uasset" 45
"../../../Engine/Content/EngineMaterials/T_Default_Material_Grid_N.uasset" 46
"../../../Engine/Content/EngineMaterials/WorldGridMaterial.uasset" 47
"../../../Engine/Content/BasicShapes/Cube.uasset" 48
"../../../Engine/Content/EngineMaterials/DefaultMaterial.uasset" 49
"../../../Engine/Content/EngineMeshes/MaterialSphere.uasset" 50
"D:/Projects/Stealth/AfterCrashesVer/StealthGameRebuild/Content/Blueprints/Cube_Blueprint.uasset" 51
"D:/Projects/Stealth/AfterCrashesVer/StealthGameRebuild/Content/Blueprints/gameSetupBP.uasset" 52
"D:/Projects/Stealth/AfterCrashesVer/StealthGameRebuild/Content/Blueprints/HUD.uasset" 53
"D:/Projects/Stealth/AfterCrashesVer/StealthGameRebuild/Content/Blueprints/Item.uasset" 54
"D:/Projects/Stealth/AfterCrashesVer/StealthGameRebuild/Content/Blueprints/Inventory2.uasset" 55
"D:/Projects/Stealth/AfterCrashesVer/StealthGameRebuild/Content/Models/environment/ladderTex.uasset" 56
"D:/Projects/Stealth/AfterCrashesVer/StealthGameRebuild/Content/Materials/Master/PixelMaterial_Translucent.uasset" 57
"D:/Projects/Stealth/AfterCrashesVer/StealthGameRebuild/Content/Models/environment/ladderTex_alpha.uasset" 58
"D:/Projects/Stealth/AfterCrashesVer/StealthGameRebuild/Content/Materials/Master/Instances/Ladder.uasset" 59
"D:/Projects/Stealth/AfterCrashesVer/StealthGameRebuild/Content/Models/environment/ladder.uasset" 60
"D:/Projects/Stealth/AfterCrashesVer/StealthGameRebuild/Content/Blueprints/Ladder_Blueprint2.uasset" 61
"D:/Projects/Stealth/AfterCrashesVer/StealthGameRebuild/Content/Blueprints/LevelStreamer.uasset" 62
"D:/Projects/Stealth/AfterCrashesVer/StealthGameRebuild/Content/Blueprints/ThirdPersonGameMode.uasset" 63
"D:/Projects/Stealth/AfterCrashesVer/StealthGameRebuild/Content/Characters/bs1d_crawl.uasset" 64
"D:/Projects/Stealth/AfterCrashesVer/StealthGameRebuild/Content/Characters/bs1d_idleWalkRun.uasset" 65
"D:/Projects/Stealth/AfterCrashesVer/StealthGameRebuild/Content/Materials/Master/PixelMaterial.uasset" 66
"D:/Projects/Stealth/AfterCrashesVer/StealthGameRebuild/Content/Models/environment/elevator_button_arrow.uasset" 67
"D:/Projects/Stealth/AfterCrashesVer/StealthGameRebuild/Content/Materials/Master/Instances/elevator_button_unlit.uasset" 68
"D:/Projects/Stealth/AfterCrashesVer/StealthGameRebuild/Content/StarterContent/Materials/M_Basic_Wall.uasset" 69
"D:/Projects/Stealth/AfterCrashesVer/StealthGameRebuild/Content/StarterContent/Shapes/Shape_Plane.uasset" 70
"D:/Projects/Stealth/AfterCrashesVer/StealthGameRebuild/Content/Geometry/elevator_button_box_Blueprint.uasset" 71
"D:/Projects/Stealth/AfterCrashesVer/StealthGameRebuild/Content/Mannequin/Character/Mesh/UE4_Mannequin_Skeleton.uasset" 72
"D:/Projects/Stealth/AfterCrashesVer/StealthGameRebuild/Content/Mannequin/Animations/ThirdPersonJump_End.uasset" 73
"D:/Projects/Stealth/AfterCrashesVer/StealthGameRebuild/Content/Materials/Master/LadderMat.uasset" 74
"../../../Engine/Content/Functions/Engine_MaterialFunctions02/WorldPositionOffset/Wind.uasset" 75
"D:/Projects/Stealth/AfterCrashesVer/StealthGameRebuild/Content/Materials/Master/M_bark.uasset" 76
"D:/Projects/Stealth/AfterCrashesVer/StealthGameRebuild/Content/Materials/Master/PixellateScreen.uasset" 77
"D:/Projects/Stealth/AfterCrashesVer/StealthGameRebuild/Content/Materials/Master/PixellateScreen_Inst.uasset" 78
"D:/Projects/Stealth/AfterCrashesVer/StealthGameRebuild/Content/Materials/Master/Tint.uasset" 79
"D:/Projects/Stealth/AfterCrashesVer/StealthGameRebuild/Content/Materials/Master/Instances/Button.uasset" 80
"D:/Projects/Stealth/AfterCrashesVer/StealthGameRebuild/Content/Models/buzzBoss/buzzhumanmodel_Skeleton.uasset" 81
"D:/Projects/Stealth/AfterCrashesVer/StealthGameRebuild/Content/Models/buzzBoss/buzzhumanmodel_Anim_Armature_Downed.uasset" 82
"D:/Projects/Stealth/AfterCrashesVer/StealthGameRebuild/Content/Models/environment/elevator_-_Copy.uasset" 83
"D:/Projects/Stealth/AfterCrashesVer/StealthGameRebuild/Content/Models/environment/elevator_button_arrow_lit.uasset" 84
"D:/Projects/Stealth/AfterCrashesVer/StealthGameRebuild/Content/Models/environment/lambert2.uasset" 85
"D:/Projects/Stealth/AfterCrashesVer/StealthGameRebuild/Content/Models/environment/wall1tex.uasset" 86
"D:/Projects/Stealth/AfterCrashesVer/StealthGameRebuild/Content/Models/environment/wall1tex_Mat.uasset" 87
"D:/Projects/Stealth/AfterCrashesVer/StealthGameRebuild/Content/Models/environment/pixMat.uasset" 88
"D:/Projects/Stealth/AfterCrashesVer/StealthGameRebuild/Content/Models/environment/wall2.uasset" 89
"D:/Projects/Stealth/AfterCrashesVer/StealthGameRebuild/Content/Models/environment/wall2_Mat.uasset" 90
"D:/Projects/Stealth/AfterCrashesVer/StealthGameRebuild/Content/Models/environment/wall_corner_large_tex.uasset" 91
"D:/Projects/Stealth/AfterCrashesVer/StealthGameRebuild/Content/Models/environment/wall_corner_large_tex_Mat.uasset" 92
"D:/Projects/Stealth/AfterCrashesVer/StealthGameRebuild/Content/Models/environment/wall_flat_narrow_tex.uasset" 93
"D:/Projects/Stealth/AfterCrashesVer/StealthGameRebuild/Content/Models/environment/wall_flat_tex.uasset" 94
"D:/Projects/Stealth/AfterCrashesVer/StealthGameRebuild/Content/Models/gun/Material.uasset" 95
"D:/Projects/Stealth/AfterCrashesVer/StealthGameRebuild/Content/Models/items/AmmoBoxTex.uasset" 96
"D:/Projects/Stealth/AfterCrashesVer/StealthGameRebuild/Content/Models/mc/animated/mc_animations_Anim_Character_idle.uasset" 97
"D:/Projects/Stealth/AfterCrashesVer/StealthGameRebuild/Content/Models/mc/animations/mc_animations3_Skeleton.uasset" 98
"D:/Projects/Stealth/AfterCrashesVer/StealthGameRebuild/Content/Models/mc/animations/mc_animations3_Anim_Character_buttonPush.uasset" 99
"D:/Projects/Stealth/AfterCrashesVer/StealthGameRebuild/Content/Models/mc/animations/mc_animations3_Anim_Character_climb.uasset" 100
"D:/Projects/Stealth/AfterCrashesVer/StealthGameRebuild/Content/Models/mc/animations/mc_animations3_Anim_Character_ClimbLadder.uasset" 101
"D:/Projects/Stealth/AfterCrashesVer/StealthGameRebuild/Content/Models/mc/animations/mc_animations3_Anim_Character_idle.uasset" 102
"D:/Projects/Stealth/AfterCrashesVer/StealthGameRebuild/Content/Models/mc/animations/mc_animations3_Anim_Character_Pain.uasset" 103
"D:/Projects/Stealth/AfterCrashesVer/StealthGameRebuild/Content/Models/mc/animations/mc_animations3_Anim_Character_StandUp.uasset" 104
"D:/Projects/Stealth/AfterCrashesVer/StealthGameRebuild/Content/Models/mc/materials/Material.uasset" 105
"D:/Projects/Stealth/AfterCrashesVer/StealthGameRebuild/Content/Models/mc/materials/Material_001.uasset" 106
"D:/Projects/Stealth/AfterCrashesVer/StealthGameRebuild/Content/Models/mc/materials/Material_002.uasset" 107
"D:/Projects/Stealth/AfterCrashesVer/StealthGameRebuild/Content/Models/mc/materials/Material_003.uasset" 108
"D:/Projects/Stealth/AfterCrashesVer/StealthGameRebuild/Content/Models/mc/materials/Material_004.uasset" 109
"D:/Projects/Stealth/AfterCrashesVer/StealthGameRebuild/Content/Models/mc/materials/Material_005.uasset" 110
"D:/Projects/Stealth/AfterCrashesVer/StealthGameRebuild/Content/Models/mc/materials/Material_006.uasset" 111
"D:/Projects/Stealth/AfterCrashesVer/StealthGameRebuild/Content/Models/mc/materials/Material_008.uasset" 112
"D:/Projects/Stealth/AfterCrashesVer/StealthGameRebuild/Content/Models/mc/materials/Material_009.uasset" 113
"D:/Projects/Stealth/AfterCrashesVer/StealthGameRebuild/Content/Models/mc/materials/Material_010.uasset" 114
"D:/Projects/Stealth/AfterCrashesVer/StealthGameRebuild/Content/Models/mc/materials/Material_024.uasset" 115
"D:/Projects/Stealth/AfterCrashesVer/StealthGameRebuild/Content/Models/mc/materials/Material_025.uasset" 116
"D:/Projects/Stealth/AfterCrashesVer/StealthGameRebuild/Content/Models/mc/materials/Material_026.uasset" 117
"D:/Projects/Stealth/AfterCrashesVer/StealthGameRebuild/Content/Models/mc/materials/Material_027.uasset" 118
"D:/Projects/Stealth/AfterCrashesVer/StealthGameRebuild/Content/Models/mc/materials/Material_028.uasset" 119
"D:/Projects/Stealth/AfterCrashesVer/StealthGameRebuild/Content/Models/mc/rightSourcedAnimations/mc_animations3_Anim_Character_Crawl_back.uasset" 120
"D:/Projects/Stealth/AfterCrashesVer/StealthGameRebuild/Content/Models/mc/textures/mc_arm.uasset" 121
"D:/Projects/Stealth/AfterCrashesVer/StealthGameRebuild/Content/Models/mc/textures/mc_arm_Mat.uasset" 122
"D:/Projects/Stealth/AfterCrashesVer/StealthGameRebuild/Content/Models/mc/textures/mc_backpack.uasset" 123
"D:/Projects/Stealth/AfterCrashesVer/StealthGameRebuild/Content/Models/mc/textures/mc_backpack_Mat.uasset" 124
"D:/Projects/Stealth/AfterCrashesVer/StealthGameRebuild/Content/Models/mc/textures/mc_backpack_pal.uasset" 125
"D:/Projects/Stealth/AfterCrashesVer/StealthGameRebuild/Content/Models/mc/wrongsource/mc_animations_Anim_Character_climb.uasset" 126
"D:/Projects/Stealth/AfterCrashesVer/StealthGameRebuild/Content/Models/mc/wrongsource/mc_animations_Anim_Character_ClimbLadder.uasset" 127
"D:/Projects/Stealth/AfterCrashesVer/StealthGameRebuild/Content/Models/mc/wrongsource/mc_animations_Anim_Character_Crawl.uasset" 128
"D:/Projects/Stealth/AfterCrashesVer/StealthGameRebuild/Content/Models/mc/wrongsource/mc_animations_Anim_Character_Crawl_back.uasset" 129
"D:/Projects/Stealth/AfterCrashesVer/StealthGameRebuild/Content/Models/mc/wrongsource/mc_animations_Anim_Character_Crawl_idle.uasset" 130
"D:/Projects/Stealth/AfterCrashesVer/StealthGameRebuild/Content/Models/mc/wrongsource/mc_animations_Anim_Character_FallOver.uasset" 131
"D:/Projects/Stealth/AfterCrashesVer/StealthGameRebuild/Content/Models/mc/wrongsource/mc_animations_Anim_Character_idle.uasset" 132
"D:/Projects/Stealth/AfterCrashesVer/StealthGameRebuild/Content/Models/mc/wrongsource/mc_animations_Anim_Character_Pain.uasset" 133
"D:/Projects/Stealth/AfterCrashesVer/StealthGameRebuild/Content/Models/mc/wrongsource/mc_animations_Anim_Character_Run.uasset" 134
"D:/Projects/Stealth/AfterCrashesVer/StealthGameRebuild/Content/Models/mc/wrongsource/mc_animations_Anim_Character_Shoot.uasset" 135
"D:/Projects/Stealth/AfterCrashesVer/StealthGameRebuild/Content/Models/mc/wrongsource/mc_animations_Anim_Character_Shoot_Idle.uasset" 136
"D:/Projects/Stealth/AfterCrashesVer/StealthGameRebuild/Content/Models/mc/wrongsource/mc_animations_Anim_Character_StandUp.uasset" 137
"D:/Projects/Stealth/AfterCrashesVer/StealthGameRebuild/Content/Models/mc/wrongsource/mc_animations_Anim_Character_Throw.uasset" 138
"D:/Projects/Stealth/AfterCrashesVer/StealthGameRebuild/Content/Models/mc/wrongsource/mc_animations_Anim_Character_Walking.uasset" 139
"D:/Projects/Stealth/AfterCrashesVer/StealthGameRebuild/Content/Models/mc_rigged/Material_001.uasset" 140
"D:/Projects/Stealth/AfterCrashesVer/StealthGameRebuild/Content/Models/mc_rigged/Material_002.uasset" 141
"D:/Projects/Stealth/AfterCrashesVer/StealthGameRebuild/Content/Models/mc_rigged/Material_003.uasset" 142
"D:/Projects/Stealth/AfterCrashesVer/StealthGameRebuild/Content/Models/mc_rigged/Material_004.uasset" 143
"D:/Projects/Stealth/AfterCrashesVer/StealthGameRebuild/Content/Models/mc_rigged/Material_005.uasset" 144
"D:/Projects/Stealth/AfterCrashesVer/StealthGameRebuild/Content/Models/mc_rigged/Material_006.uasset" 145
"D:/Projects/Stealth/AfterCrashesVer/StealthGameRebuild/Content/Models/mc_rigged/Material_008.uasset" 146
"D:/Projects/Stealth/AfterCrashesVer/StealthGameRebuild/Content/Models/mc_rigged/Material_009.uasset" 147
"D:/Projects/Stealth/AfterCrashesVer/StealthGameRebuild/Content/Models/mc_rigged/Material_010.uasset" 148
"D:/Projects/Stealth/AfterCrashesVer/StealthGameRebuild/Content/Models/mc_rigged/mc_Shooting_PhysicsAsset.uasset" 149
"D:/Projects/Stealth/AfterCrashesVer/StealthGameRebuild/Content/Models/mc_rigged/mc_Shooting_Skeleton.uasset" 150
"D:/Projects/Stealth/AfterCrashesVer/StealthGameRebuild/Content/Models/mc_rigged/mc_Shooting.uasset" 151
"D:/Projects/Stealth/AfterCrashesVer/StealthGameRebuild/Content/StarterContent/Architecture/Pillar_50x500.uasset" 152
"D:/Projects/Stealth/AfterCrashesVer/StealthGameRebuild/Content/StarterContent/Architecture/Wall_400x300.uasset" 153
"D:/Projects/Stealth/AfterCrashesVer/StealthGameRebuild/Content/StarterContent/Architecture/Wall_400x400.uasset" 154
"D:/Projects/Stealth/AfterCrashesVer/StealthGameRebuild/Content/StarterContent/Architecture/Wall_500x500.uasset" 155
"D:/Projects/Stealth/AfterCrashesVer/StealthGameRebuild/Content/StarterContent/Architecture/Wall_Door_400x400.uasset" 156
"D:/Projects/Stealth/AfterCrashesVer/StealthGameRebuild/Content/StarterContent/Architecture/Wall_Window_400x400.uasset" 157
"D:/Projects/Stealth/AfterCrashesVer/StealthGameRebuild/Content/StarterContent/Audio/Collapse01.uasset" 158
"D:/Projects/Stealth/AfterCrashesVer/StealthGameRebuild/Content/StarterContent/Audio/Collapse02.uasset" 159
"D:/Projects/Stealth/AfterCrashesVer/StealthGameRebuild/Content/StarterContent/Audio/Explosion01.uasset" 160
"D:/Projects/Stealth/AfterCrashesVer/StealthGameRebuild/Content/StarterContent/Audio/Explosion02.uasset" 161
"D:/Projects/Stealth/AfterCrashesVer/StealthGameRebuild/Content/StarterContent/Audio/Fire01.uasset" 162
"D:/Projects/Stealth/AfterCrashesVer/StealthGameRebuild/Content/StarterContent/Audio/Fire_Sparks01.uasset" 163
"D:/Projects/Stealth/AfterCrashesVer/StealthGameRebuild/Content/StarterContent/Audio/Light01.uasset" 164
"D:/Projects/Stealth/AfterCrashesVer/StealthGameRebuild/Content/StarterContent/Audio/Light01_Cue.uasset" 165
"D:/Projects/Stealth/AfterCrashesVer/StealthGameRebuild/Content/StarterContent/Audio/Light02.uasset" 166
"D:/Projects/Stealth/AfterCrashesVer/StealthGameRebuild/Content/StarterContent/Audio/Light02_Cue.uasset" 167
"D:/Projects/Stealth/AfterCrashesVer/StealthGameRebuild/Content/StarterContent/Audio/Smoke01.uasset" 168
"D:/Projects/Stealth/AfterCrashesVer/StealthGameRebuild/Content/StarterContent/Audio/Starter_Birds01.uasset" 169
"D:/Projects/Stealth/AfterCrashesVer/StealthGameRebuild/Content/StarterContent/Audio/Starter_Music01.uasset" 170
"D:/Projects/Stealth/AfterCrashesVer/StealthGameRebuild/Content/StarterContent/Audio/Starter_Wind05.uasset" 171
"D:/Projects/Stealth/AfterCrashesVer/StealthGameRebuild/Content/StarterContent/Audio/Starter_Wind06.uasset" 172
"D:/Projects/Stealth/AfterCrashesVer/StealthGameRebuild/Content/StarterContent/Audio/Steam01.uasset" 173
"D:/Projects/Stealth/AfterCrashesVer/StealthGameRebuild/Content/StarterContent/Audio/Explosion_Cue.uasset" 174
"D:/Projects/Stealth/AfterCrashesVer/StealthGameRebuild/Content/StarterContent/Textures/T_Burst_M.uasset" 175
"D:/Projects/Stealth/AfterCrashesVer/StealthGameRebuild/Content/StarterContent/Particles/Materials/M_Burst.uasset" 176
"D:/Projects/Stealth/AfterCrashesVer/StealthGameRebuild/Content/StarterContent/Textures/T_Explosion_SubUV.uasset" 177
"D:/Projects/Stealth/AfterCrashesVer/StealthGameRebuild/Content/StarterContent/Particles/Materials/M_explosion_subUV.uasset" 178
"D:/Projects/Stealth/AfterCrashesVer/StealthGameRebuild/Content/StarterContent/Particles/Materials/m_flare_01.uasset" 179
"../../../Engine/Content/Functions/Engine_MaterialFunctions01/Gradient/RadialGradient.uasset" 180
"D:/Projects/Stealth/AfterCrashesVer/StealthGameRebuild/Content/StarterContent/Particles/Materials/M_radial_ramp.uasset" 181
"D:/Projects/Stealth/AfterCrashesVer/StealthGameRebuild/Content/StarterContent/Textures/T_Smoke_SubUV.uasset" 182
"D:/Projects/Stealth/AfterCrashesVer/StealthGameRebuild/Content/StarterContent/Textures/T_Smoke_Tiled_D.uasset" 183
"D:/Projects/Stealth/AfterCrashesVer/StealthGameRebuild/Content/StarterContent/Particles/Materials/M_smoke_subUV.uasset" 184
"D:/Projects/Stealth/AfterCrashesVer/StealthGameRebuild/Content/StarterContent/Particles/P_Explosion.uasset" 185
"D:/Projects/Stealth/AfterCrashesVer/StealthGameRebuild/Content/StarterContent/Blueprints/Blueprint_Effect_Explosion.uasset" 186
"../../../Engine/Content/EditorMeshes/ColorCalibrator/T_ColorGrid.uasset" 187
"D:/Projects/Stealth/AfterCrashesVer/StealthGameRebuild/Content/StarterContent/Materials/M_ColorGrid_LowSpec.uasset" 188
"D:/Projects/Stealth/AfterCrashesVer/StealthGameRebuild/Content/StarterContent/Textures/T_Bush_D.uasset" 189
"D:/Projects/Stealth/AfterCrashesVer/StealthGameRebuild/Content/StarterContent/Textures/T_Bush_N.uasset" 190
"D:/Projects/Stealth/AfterCrashesVer/StealthGameRebuild/Content/StarterContent/Props/Materials/M_Bush.uasset" 191
"D:/Projects/Stealth/AfterCrashesVer/StealthGameRebuild/Content/StarterContent/Props/SM_Bush.uasset" 192
"D:/Projects/Stealth/AfterCrashesVer/StealthGameRebuild/Content/StarterContent/Textures/T_Chair_M.uasset" 193
"D:/Projects/Stealth/AfterCrashesVer/StealthGameRebuild/Content/StarterContent/Textures/T_Chair_N.uasset" 194
"D:/Projects/Stealth/AfterCrashesVer/StealthGameRebuild/Content/StarterContent/Props/Materials/M_Chair.uasset" 195
"D:/Projects/Stealth/AfterCrashesVer/StealthGameRebuild/Content/StarterContent/Props/SM_Couch.uasset" 196
"D:/Projects/Stealth/AfterCrashesVer/StealthGameRebuild/Content/StarterContent/Materials/M_Glass.uasset" 197
"D:/Projects/Stealth/AfterCrashesVer/StealthGameRebuild/Content/StarterContent/Textures/T_Door_M.uasset" 198
"D:/Projects/Stealth/AfterCrashesVer/StealthGameRebuild/Content/StarterContent/Textures/T_Door_N.uasset" 199
"D:/Projects/Stealth/AfterCrashesVer/StealthGameRebuild/Content/StarterContent/Props/Materials/M_Door.uasset" 200
"D:/Projects/Stealth/AfterCrashesVer/StealthGameRebuild/Content/StarterContent/Props/SM_Door.uasset" 201
"D:/Projects/Stealth/AfterCrashesVer/StealthGameRebuild/Content/StarterContent/Props/Materials/M_MaterialSphere.uasset" 202
"D:/Projects/Stealth/AfterCrashesVer/StealthGameRebuild/Content/StarterContent/Props/Materials/M_MaterialSphere_Plain.uasset" 203
"D:/Projects/Stealth/AfterCrashesVer/StealthGameRebuild/Content/StarterContent/Props/SM_MatPreviewMesh_02.uasset" 204
"../../../Engine/Content/Functions/Engine_MaterialFunctions02/Utility/BlendAngleCorrectedNormals.uasset" 205
"D:/Projects/Stealth/AfterCrashesVer/StealthGameRebuild/Content/StarterContent/Textures/T_Detail_Rocky_N.uasset" 206
"D:/Projects/Stealth/AfterCrashesVer/StealthGameRebuild/Content/StarterContent/Textures/T_Rock_Basalt_D.uasset" 207
"D:/Projects/Stealth/AfterCrashesVer/StealthGameRebuild/Content/StarterContent/Textures/T_RockMesh_M.uasset" 208
"D:/Projects/Stealth/AfterCrashesVer/StealthGameRebuild/Content/StarterContent/Textures/T_RockMesh_N.uasset" 209
"D:/Projects/Stealth/AfterCrashesVer/StealthGameRebuild/Content/StarterContent/Props/Materials/M_Rock.uasset" 210
"D:/Projects/Stealth/AfterCrashesVer/StealthGameRebuild/Content/StarterContent/Props/SM_Rock.uasset" 211
"D:/Projects/Stealth/AfterCrashesVer/StealthGameRebuild/Content/StarterContent/Textures/T_Shelf_M.uasset" 212
"D:/Projects/Stealth/AfterCrashesVer/StealthGameRebuild/Content/StarterContent/Textures/T_Shelf_N.uasset" 213
"D:/Projects/Stealth/AfterCrashesVer/StealthGameRebuild/Content/StarterContent/Props/Materials/M_Shelf.uasset" 214
"D:/Projects/Stealth/AfterCrashesVer/StealthGameRebuild/Content/StarterContent/Props/SM_Shelf.uasset" 215
"D:/Projects/Stealth/AfterCrashesVer/StealthGameRebuild/Content/StarterContent/Materials/M_Basic_Floor.uasset" 216
"D:/Projects/Stealth/AfterCrashesVer/StealthGameRebuild/Content/StarterContent/Props/SM_Stairs.uasset" 217
"D:/Projects/Stealth/AfterCrashesVer/StealthGameRebuild/Content/StarterContent/Shapes/Shape_Cone.uasset" 218
"D:/Projects/Stealth/AfterCrashesVer/StealthGameRebuild/Content/StarterContent/Shapes/Shape_Cylinder.uasset" 219
"D:/Projects/Stealth/AfterCrashesVer/StealthGameRebuild/Content/StarterContent/Shapes/Shape_NarrowCapsule.uasset" 220
"D:/Projects/Stealth/AfterCrashesVer/StealthGameRebuild/Content/StarterContent/Shapes/Shape_Pipe.uasset" 221
"D:/Projects/Stealth/AfterCrashesVer/StealthGameRebuild/Content/StarterContent/Shapes/Shape_Pipe_180.uasset" 222
"D:/Projects/Stealth/AfterCrashesVer/StealthGameRebuild/Content/StarterContent/Shapes/Shape_Pipe_90.uasset" 223
"D:/Projects/Stealth/AfterCrashesVer/StealthGameRebuild/Content/StarterContent/Shapes/Shape_Torus.uasset" 224
"D:/Projects/Stealth/AfterCrashesVer/StealthGameRebuild/Content/StarterContent/Shapes/Shape_Trim.uasset" 225
"D:/Projects/Stealth/AfterCrashesVer/StealthGameRebuild/Content/StarterContent/Shapes/Shape_Trim_90_In.uasset" 226
"D:/Projects/Stealth/AfterCrashesVer/StealthGameRebuild/Content/StarterContent/Shapes/Shape_Trim_90_Out.uasset" 227
"D:/Projects/Stealth/AfterCrashesVer/StealthGameRebuild/Content/StarterContent/Shapes/Shape_TriPyramid.uasset" 228
"D:/Projects/Stealth/AfterCrashesVer/StealthGameRebuild/Content/StarterContent/Shapes/Shape_Tube.uasset" 229
"D:/Projects/Stealth/AfterCrashesVer/StealthGameRebuild/Content/StarterContent/Shapes/Shape_Wedge_A.uasset" 230
"D:/Projects/Stealth/AfterCrashesVer/StealthGameRebuild/Content/StarterContent/Shapes/Shape_Wedge_B.uasset" 231
"D:/Projects/Stealth/AfterCrashesVer/StealthGameRebuild/Content/StarterContent/Shapes/Shape_WideCapsule.uasset" 232
"D:/Projects/Stealth/AfterCrashesVer/StealthGameRebuild/Content/Blueprints/FPS_HUD.uasset" 233
"D:/Projects/Stealth/AfterCrashesVer/StealthGameRebuild/Content/Models/mc/animations/mc_animations3_Anim_Character_FallOver.uasset" 234
"D:/Projects/Stealth/AfterCrashesVer/StealthGameRebuild/Content/Models/mc/animations/mc_animations3_Anim_Character_Throw.uasset" 235
"D:/Projects/Stealth/AfterCrashesVer/StealthGameRebuild/Content/Models/mc/animations/mc_animations3_Anim_Character_Crawl.uasset" 236
"D:/Projects/Stealth/AfterCrashesVer/StealthGameRebuild/Content/Models/mc/animations/mc_animations3_Anim_Character_Crawl_back.uasset" 237
"D:/Projects/Stealth/AfterCrashesVer/StealthGameRebuild/Content/Models/mc/animations/mc_animations3_Anim_Character_Crawl_idle.uasset" 238
"D:/Projects/Stealth/AfterCrashesVer/StealthGameRebuild/Content/Models/mc/animations/mc_animations3_Anim_Character_Shoot.uasset" 239
"D:/Projects/Stealth/AfterCrashesVer/StealthGameRebuild/Content/Characters/mainCharacter/bs1d_crawl.uasset" 240
"D:/Projects/Stealth/AfterCrashesVer/StealthGameRebuild/Content/Models/mc/animations/mc_animations3_Anim_Character_Run.uasset" 241
"D:/Projects/Stealth/AfterCrashesVer/StealthGameRebuild/Content/Models/mc/animations/mc_animations3_Anim_Character_Shoot_Idle.uasset" 242
"D:/Projects/Stealth/AfterCrashesVer/StealthGameRebuild/Content/Models/mc/animations/mc_animations3_Anim_Character_Walking.uasset" 243
"D:/Projects/Stealth/AfterCrashesVer/StealthGameRebuild/Content/Characters/mainCharacter/bs1d_idleWalkRun.uasset" 244
"../../../Engine/Content/EditorBlueprintResources/StandardMacros.uasset" 245
"D:/Projects/Stealth/AfterCrashesVer/StealthGameRebuild/Content/Characters/mainCharacter/mc_animBP.uasset" 246
"D:/Projects/Stealth/AfterCrashesVer/StealthGameRebuild/Content/Blueprints/CinematicController_Blueprint.uasset" 247
"D:/Projects/Stealth/AfterCrashesVer/StealthGameRebuild/Content/Sprites/Gun_barrel_effect.uasset" 248
"D:/Projects/Stealth/AfterCrashesVer/StealthGameRebuild/Content/Sprites/Gun_barrel_effect_Sprite_0.uasset" 249
"D:/Projects/Stealth/AfterCrashesVer/StealthGameRebuild/Content/Sprites/Gun_barrel_effect_Sprite_1.uasset" 250
"D:/Projects/Stealth/AfterCrashesVer/StealthGameRebuild/Content/Sprites/Gun_barrel_effect_flipbook.uasset" 251
"D:/Projects/Stealth/AfterCrashesVer/StealthGameRebuild/Content/Blueprints/Gun_barrel_effect_flipbook_Blueprint.uasset" 252
"D:/Projects/Stealth/AfterCrashesVer/StealthGameRebuild/Content/UI/metal_gear_solid/MGS2MENU.uasset" 253
"D:/Projects/Stealth/AfterCrashesVer/StealthGameRebuild/Content/UI/metal_gear_solid/MGS2MENU_Font.uasset" 254
"D:/Projects/Stealth/AfterCrashesVer/StealthGameRebuild/Content/UI/retro_computer/Retro_Computer_DEMO.uasset" 255
"D:/Projects/Stealth/AfterCrashesVer/StealthGameRebuild/Content/UI/retro_computer/Retro_Computer_DEMO_Font.uasset" 256
"D:/Projects/Stealth/AfterCrashesVer/StealthGameRebuild/Content/UI/AmmoFill.uasset" 257
"D:/Projects/Stealth/AfterCrashesVer/StealthGameRebuild/Content/UI/crosshair.uasset" 258
"D:/Projects/Stealth/AfterCrashesVer/StealthGameRebuild/Content/UI/fill_bg.uasset" 259
"D:/Projects/Stealth/AfterCrashesVer/StealthGameRebuild/Content/UI/fillimg.uasset" 260
"D:/Projects/Stealth/AfterCrashesVer/StealthGameRebuild/Content/UI/health_empty.uasset" 261
"D:/Projects/Stealth/AfterCrashesVer/StealthGameRebuild/Content/UI/HP_Img.uasset" 262
"D:/Projects/Stealth/AfterCrashesVer/StealthGameRebuild/Content/UI/icon_bluecard.uasset" 263
"D:/Projects/Stealth/AfterCrashesVer/StealthGameRebuild/Content/UI/icon_buzzcard.uasset" 264
"D:/Projects/Stealth/AfterCrashesVer/StealthGameRebuild/Content/UI/icon_greencard.uasset" 265
"D:/Projects/Stealth/AfterCrashesVer/StealthGameRebuild/Content/UI/icon_redcartd.uasset" 266
"D:/Projects/Stealth/AfterCrashesVer/StealthGameRebuild/Content/UI/HealthAmmoUI.uasset" 267
"D:/Projects/Stealth/AfterCrashesVer/StealthGameRebuild/Content/Blueprints/Inventory.uasset" 268
"D:/Projects/Stealth/AfterCrashesVer/StealthGameRebuild/Content/Models/gun/gunTex.uasset" 269
"D:/Projects/Stealth/AfterCrashesVer/StealthGameRebuild/Content/Models/gun/gunTex_Mat.uasset" 270
"D:/Projects/Stealth/AfterCrashesVer/StealthGameRebuild/Content/Models/gun/gun.uasset" 271
"D:/Projects/Stealth/AfterCrashesVer/StealthGameRebuild/Content/Blueprints/Items/gunBP.uasset" 272
"D:/Projects/Stealth/AfterCrashesVer/StealthGameRebuild/Content/Audio/Music/Alert.uasset" 273
"D:/Projects/Stealth/AfterCrashesVer/StealthGameRebuild/Content/Audio/Music/Alert_Cue.uasset" 274
"D:/Projects/Stealth/AfterCrashesVer/StealthGameRebuild/Content/Audio/Music/ChaseEndTransition.uasset" 275
"D:/Projects/Stealth/AfterCrashesVer/StealthGameRebuild/Content/Audio/Music/ChaseEndTransition_Cue.uasset" 276
"D:/Projects/Stealth/AfterCrashesVer/StealthGameRebuild/Content/Audio/Music/ChaseMusic.uasset" 277
"D:/Projects/Stealth/AfterCrashesVer/StealthGameRebuild/Content/Audio/Music/ChaseMusic_Cue.uasset" 278
"D:/Projects/Stealth/AfterCrashesVer/StealthGameRebuild/Content/Audio/Music/SneakMusic.uasset" 279
"D:/Projects/Stealth/AfterCrashesVer/StealthGameRebuild/Content/Audio/Music/SneakMusic_Cue.uasset" 280
"D:/Projects/Stealth/AfterCrashesVer/StealthGameRebuild/Content/Blueprints/BackgroundMusic.uasset" 281
"D:/Projects/Stealth/AfterCrashesVer/StealthGameRebuild/Content/Materials/Master/Instances/Black.uasset" 282
"D:/Projects/Stealth/AfterCrashesVer/StealthGameRebuild/Content/Models/environment/elevator_button_tex.uasset" 283
"D:/Projects/Stealth/AfterCrashesVer/StealthGameRebuild/Content/Materials/Master/Instances/Elevator_button.uasset" 284
"../../../Engine/Content/Functions/Engine_MaterialFunctions01/Gradient/LinearGradient.uasset" 285
"../../../Engine/Content/Functions/Engine_MaterialFunctions01/ImageAdjustment/CheapContrast.uasset" 286
"../../../Engine/Content/EngineMaterials/DefaultDiffuse.uasset" 287
"../../../Engine/Content/Functions/Engine_MaterialFunctions01/Texturing/WorldAlignedTexture.uasset" 288
"D:/Projects/Stealth/AfterCrashesVer/StealthGameRebuild/Content/Textures/Metal_floor1.uasset" 289
"D:/Projects/Stealth/AfterCrashesVer/StealthGameRebuild/Content/Materials/Master/TiledPixel.uasset" 290
"D:/Projects/Stealth/AfterCrashesVer/StealthGameRebuild/Content/Models/environment/elevator_inside_tex.uasset" 291
"D:/Projects/Stealth/AfterCrashesVer/StealthGameRebuild/Content/Materials/Master/Instances/Elevator_inside.uasset" 292
"D:/Projects/Stealth/AfterCrashesVer/StealthGameRebuild/Content/Models/environment/elevator_button_arrow_alpha.uasset" 293
"D:/Projects/Stealth/AfterCrashesVer/StealthGameRebuild/Content/Materials/Master/Instances/ElevatorButton.uasset" 294
"D:/Projects/Stealth/AfterCrashesVer/StealthGameRebuild/Content/Models/environment/wall_flat_tex_unshaded.uasset" 295
"D:/Projects/Stealth/AfterCrashesVer/StealthGameRebuild/Content/Materials/Master/Instances/WallShadedYellow.uasset" 296
"../../../Engine/Content/BasicShapes/Plane.uasset" 297
"D:/Projects/Stealth/AfterCrashesVer/StealthGameRebuild/Content/Audio/Effects/defaultAttenuation.uasset" 298
"D:/Projects/Stealth/AfterCrashesVer/StealthGameRebuild/Content/Audio/Music/SDS2100-Elevator-Music.uasset" 299
"D:/Projects/Stealth/AfterCrashesVer/StealthGameRebuild/Content/Audio/Music/SDS2100-Elevator-Music_Cue.uasset" 300
"D:/Projects/Stealth/AfterCrashesVer/StealthGameRebuild/Content/Models/environment/Material.uasset" 301
"D:/Projects/Stealth/AfterCrashesVer/StealthGameRebuild/Content/Models/environment/elevator_button.uasset" 302
"D:/Projects/Stealth/AfterCrashesVer/StealthGameRebuild/Content/Models/environment/elevator_inside.uasset" 303
"D:/Projects/Stealth/AfterCrashesVer/StealthGameRebuild/Content/Geometry/Elevator_inside_Blueprint.uasset" 304
"D:/Projects/Stealth/AfterCrashesVer/StealthGameRebuild/Content/Blueprints/LevelManager.uasset" 305
"D:/Projects/Stealth/AfterCrashesVer/StealthGameRebuild/Content/Blueprints/FollowAtOffset_Blueprint.uasset" 306
"D:/Projects/Stealth/AfterCrashesVer/StealthGameRebuild/Content/Blueprints/PlayerCam_Blueprint.uasset" 307
"D:/Projects/Stealth/AfterCrashesVer/StealthGameRebuild/Content/Models/buzzBoss/buzzhumanmodel_Anim_Armature_ArmatureAction.uasset" 308
"D:/Projects/Stealth/AfterCrashesVer/StealthGameRebuild/Content/Models/buzzBoss/buzzhumanmodel_Anim_Armature_Attack.uasset" 309
"D:/Projects/Stealth/AfterCrashesVer/StealthGameRebuild/Content/Models/buzzBoss/buzzhumanmodel_Anim_Armature_Hurt.uasset" 310
"D:/Projects/Stealth/AfterCrashesVer/StealthGameRebuild/Content/Models/buzzBoss/buzzhumanmodel_Anim_Armature_KO.uasset" 311
"D:/Projects/Stealth/AfterCrashesVer/StealthGameRebuild/Content/Models/buzzBoss/buzzhumanmodel_Anim_Armature_Idle.uasset" 312
"D:/Projects/Stealth/AfterCrashesVer/StealthGameRebuild/Content/Models/buzzBoss/buzzhumanmodel_Anim_Armature_Running.uasset" 313
"D:/Projects/Stealth/AfterCrashesVer/StealthGameRebuild/Content/Models/buzzBoss/buzzhumanmodel_Anim_Armature_Walking.uasset" 314
"D:/Projects/Stealth/AfterCrashesVer/StealthGameRebuild/Content/Characters/buzzBoss/idleWalkRun.uasset" 315
"D:/Projects/Stealth/AfterCrashesVer/StealthGameRebuild/Content/Models/buzzBoss/buzzBoss_animBP.uasset" 316
"D:/Projects/Stealth/AfterCrashesVer/StealthGameRebuild/Content/Mannequin/Animations/ThirdPerson_Jump.uasset" 317
"D:/Projects/Stealth/AfterCrashesVer/StealthGameRebuild/Content/Mannequin/Animations/ThirdPersonJump_Loop.uasset" 318
"D:/Projects/Stealth/AfterCrashesVer/StealthGameRebuild/Content/Mannequin/Animations/ThirdPersonJump_Start.uasset" 319
"D:/Projects/Stealth/AfterCrashesVer/StealthGameRebuild/Content/Mannequin/Animations/ThirdPersonIdle.uasset" 320
"D:/Projects/Stealth/AfterCrashesVer/StealthGameRebuild/Content/Mannequin/Animations/ThirdPersonRun.uasset" 321
"D:/Projects/Stealth/AfterCrashesVer/StealthGameRebuild/Content/Mannequin/Animations/ThirdPersonWalk.uasset" 322
"D:/Projects/Stealth/AfterCrashesVer/StealthGameRebuild/Content/Mannequin/Animations/ThirdPerson_IdleRun_2D.uasset" 323
"D:/Projects/Stealth/AfterCrashesVer/StealthGameRebuild/Content/Mannequin/Animations/ThirdPerson_AnimBP.uasset" 324
"../../../Engine/Content/Functions/MaterialLayerFunctions/MatLayerBlend_NormalBlend.uasset" 325
"../../../Engine/Content/Functions/MaterialLayerFunctions/MatLayerBlend_Simple.uasset" 326
"D:/Projects/Stealth/AfterCrashesVer/StealthGameRebuild/Content/Mannequin/Character/Materials/MaterialLayers/T_ML_Rubber_Blue_01_D.uasset" 327
"D:/Projects/Stealth/AfterCrashesVer/StealthGameRebuild/Content/Mannequin/Character/Materials/MaterialLayers/T_ML_Rubber_Blue_01_N.uasset" 328
"D:/Projects/Stealth/AfterCrashesVer/StealthGameRebuild/Content/Mannequin/Character/Materials/MaterialLayers/ML_GlossyBlack_Latex_UE4.uasset" 329
"D:/Projects/Stealth/AfterCrashesVer/StealthGameRebuild/Content/Mannequin/Character/Materials/MaterialLayers/ML_Plastic_Shiny_Beige.uasset" 330
"D:/Projects/Stealth/AfterCrashesVer/StealthGameRebuild/Content/Mannequin/Character/Textures/UE4_LOGO_CARD.uasset" 331
"D:/Projects/Stealth/AfterCrashesVer/StealthGameRebuild/Content/Mannequin/Character/Materials/MaterialLayers/ML_Plastic_Shiny_Beige_LOGO.uasset" 332
"D:/Projects/Stealth/AfterCrashesVer/StealthGameRebuild/Content/Mannequin/Character/Materials/MaterialLayers/T_ML_Aluminum01.uasset" 333
"D:/Projects/Stealth/AfterCrashesVer/StealthGameRebuild/Content/Mannequin/Character/Materials/MaterialLayers/T_ML_Aluminum01_N.uasset" 334
"D:/Projects/Stealth/AfterCrashesVer/StealthGameRebuild/Content/Mannequin/Character/Materials/MaterialLayers/ML_SoftMetal_UE4.uasset" 335
"D:/Projects/Stealth/AfterCrashesVer/StealthGameRebuild/Content/Mannequin/Character/Textures/UE4_Mannequin__normals.uasset" 336
"D:/Projects/Stealth/AfterCrashesVer/StealthGameRebuild/Content/Mannequin/Character/Textures/UE4_Mannequin_MAT_MASKA.uasset" 337
"D:/Projects/Stealth/AfterCrashesVer/StealthGameRebuild/Content/Mannequin/Character/Materials/M_UE4Man_Body.uasset" 338
"D:/Projects/Stealth/AfterCrashesVer/StealthGameRebuild/Content/Mannequin/Character/Textures/UE4Man_Logo_N.uasset" 339
"D:/Projects/Stealth/AfterCrashesVer/StealthGameRebuild/Content/Mannequin/Character/Materials/M_UE4Man_ChestLogo.uasset" 340
"D:/Projects/Stealth/AfterCrashesVer/StealthGameRebuild/Content/Mannequin/Character/Mesh/SK_Mannequin_PhysicsAsset.uasset" 341
"D:/Projects/Stealth/AfterCrashesVer/StealthGameRebuild/Content/Mannequin/Character/Mesh/SK_Mannequin.uasset" 342
"D:/Projects/Stealth/AfterCrashesVer/StealthGameRebuild/Content/ThirdPersonBP/Blueprints/ThirdPersonCharacter.uasset" 343
"D:/Projects/Stealth/AfterCrashesVer/StealthGameRebuild/Content/Blueprints/BuzzNodeType.uasset" 344
"D:/Projects/Stealth/AfterCrashesVer/StealthGameRebuild/Content/Blueprints/BuzzNode_Blueprint.uasset" 345
"D:/Projects/Stealth/AfterCrashesVer/StealthGameRebuild/Content/Blueprints/BuzzPath_Blueprint.uasset" 346
"D:/Projects/Stealth/AfterCrashesVer/StealthGameRebuild/Content/Textures/KEYCARD_GREEN.uasset" 347
"D:/Projects/Stealth/AfterCrashesVer/StealthGameRebuild/Content/Materials/Master/Instances/Keycard_Green.uasset" 348
"D:/Projects/Stealth/AfterCrashesVer/StealthGameRebuild/Content/Blueprints/Items/Keycard_Green.uasset" 349
"D:/Projects/Stealth/AfterCrashesVer/StealthGameRebuild/Content/Models/buzzBoss/buzzhumanpixelated.uasset" 350
"D:/Projects/Stealth/AfterCrashesVer/StealthGameRebuild/Content/Materials/Master/Instances/BuzzBoss.uasset" 351
"D:/Projects/Stealth/AfterCrashesVer/StealthGameRebuild/Content/Textures/BaseBeam.uasset" 352
"D:/Projects/Stealth/AfterCrashesVer/StealthGameRebuild/Content/Textures/BeamPulse.uasset" 353
"D:/Projects/Stealth/AfterCrashesVer/StealthGameRebuild/Content/Materials/Master/LaserMat.uasset" 354
"D:/Projects/Stealth/AfterCrashesVer/StealthGameRebuild/Content/Materials/Master/LaserParticleSystem.uasset" 355
"D:/Projects/Stealth/AfterCrashesVer/StealthGameRebuild/Content/Models/buzzBoss/buzzhuman.uasset" 356
"D:/Projects/Stealth/AfterCrashesVer/StealthGameRebuild/Content/Models/buzzBoss/buzzhumanmodel_PhysicsAsset.uasset" 357
"D:/Projects/Stealth/AfterCrashesVer/StealthGameRebuild/Content/Models/buzzBoss/buzzhumanmodel.uasset" 358
"D:/Projects/Stealth/AfterCrashesVer/StealthGameRebuild/Content/Characters/buzzBoss/buzzBoss.uasset" 359
"D:/Projects/Stealth/AfterCrashesVer/StealthGameRebuild/Content/Models/buzz/buzzTex.uasset" 360
"D:/Projects/Stealth/AfterCrashesVer/StealthGameRebuild/Content/Materials/Master/Instances/Buzz.uasset" 361
"D:/Projects/Stealth/AfterCrashesVer/StealthGameRebuild/Content/Audio/Effects/bee_death.uasset" 362
"D:/Projects/Stealth/AfterCrashesVer/StealthGameRebuild/Content/Audio/Effects/beewings.uasset" 363
"D:/Projects/Stealth/AfterCrashesVer/StealthGameRebuild/Content/Audio/Effects/laser_stream_loop.uasset" 364
"D:/Projects/Stealth/AfterCrashesVer/StealthGameRebuild/Content/Audio/Effects/laser_stream_loop_Cue.uasset" 365
"D:/Projects/Stealth/AfterCrashesVer/StealthGameRebuild/Content/Audio/Effects/stinger.uasset" 366
"D:/Projects/Stealth/AfterCrashesVer/StealthGameRebuild/Content/Audio/Effects/stinger_Cue.uasset" 367
"D:/Projects/Stealth/AfterCrashesVer/StealthGameRebuild/Content/Models/buzz/buzz_Skeleton.uasset" 368
"D:/Projects/Stealth/AfterCrashesVer/StealthGameRebuild/Content/Models/buzz/buzz_Anim_BuzzSkeleton_Attack.uasset" 369
"D:/Projects/Stealth/AfterCrashesVer/StealthGameRebuild/Content/Models/buzz/buzz_Anim_BuzzSkeleton_Death.uasset" 370
"D:/Projects/Stealth/AfterCrashesVer/StealthGameRebuild/Content/Models/buzz/buzz_Anim_BuzzSkeleton_Hurt.uasset" 371
"D:/Projects/Stealth/AfterCrashesVer/StealthGameRebuild/Content/Models/buzz/buzz_Anim_BuzzSkeleton_Idle.uasset" 372
"D:/Projects/Stealth/AfterCrashesVer/StealthGameRebuild/Content/Models/buzz/buzz_Anim_BuzzSkeleton_Run.uasset" 373
"D:/Projects/Stealth/AfterCrashesVer/StealthGameRebuild/Content/Models/buzz/buzz_Anim_BuzzSkeleton_Walk.uasset" 374
"D:/Projects/Stealth/AfterCrashesVer/StealthGameRebuild/Content/Characters/buzzBot/buzzBot_bs1d_idlewalkrun.uasset" 375
"D:/Projects/Stealth/AfterCrashesVer/StealthGameRebuild/Content/Characters/buzzBot/buzzBot_animBP.uasset" 376
"D:/Projects/Stealth/AfterCrashesVer/StealthGameRebuild/Content/Models/buzz/Material.uasset" 377
"D:/Projects/Stealth/AfterCrashesVer/StealthGameRebuild/Content/Models/buzz/buzz_PhysicsAsset.uasset" 378
"D:/Projects/Stealth/AfterCrashesVer/StealthGameRebuild/Content/Models/buzz/buzz.uasset" 379
"D:/Projects/Stealth/AfterCrashesVer/StealthGameRebuild/Content/Characters/buzzBot/buzzBot.uasset" 380
"D:/Projects/Stealth/AfterCrashesVer/StealthGameRebuild/Content/Models/environment/elevator.uasset" 381
"D:/Projects/Stealth/AfterCrashesVer/StealthGameRebuild/Content/Materials/Master/Instances/Elevator.uasset" 382
"D:/Projects/Stealth/AfterCrashesVer/StealthGameRebuild/Content/Textures/wall_flat_tex.uasset" 383
"D:/Projects/Stealth/AfterCrashesVer/StealthGameRebuild/Content/Materials/Master/Instances/WallFlatTex.uasset" 384
"D:/Projects/Stealth/AfterCrashesVer/StealthGameRebuild/Content/Materials/Master/Instances/WallShadedBlue.uasset" 385
"D:/Projects/Stealth/AfterCrashesVer/StealthGameRebuild/Content/Models/environment/elevator_doorway.uasset" 386
"D:/Projects/Stealth/AfterCrashesVer/StealthGameRebuild/Content/Models/environment/wall1.uasset" 387
"D:/Projects/Stealth/AfterCrashesVer/StealthGameRebuild/Content/Geometry/Gate_Blue_Blueprint.uasset" 388
"D:/Projects/Stealth/AfterCrashesVer/StealthGameRebuild/Content/Models/environment/button_base_tex.uasset" 389
"D:/Projects/Stealth/AfterCrashesVer/StealthGameRebuild/Content/Materials/Master/Instances/ButtonBase.uasset" 390
"D:/Projects/Stealth/AfterCrashesVer/StealthGameRebuild/Content/Models/environment/buttonTex.uasset" 391
"D:/Projects/Stealth/AfterCrashesVer/StealthGameRebuild/Content/Materials/Master/Instances/ButtonTintedBlue.uasset" 392
"D:/Projects/Stealth/AfterCrashesVer/StealthGameRebuild/Content/Models/environment/button_base.uasset" 393
"D:/Projects/Stealth/AfterCrashesVer/StealthGameRebuild/Content/Models/environment/button_push.uasset" 394
"D:/Projects/Stealth/AfterCrashesVer/StealthGameRebuild/Content/Geometry/button_blue_Blueprint.uasset" 395
"D:/Projects/Stealth/AfterCrashesVer/StealthGameRebuild/Content/Materials/Master/Instances/WallShadedGreen.uasset" 396
"D:/Projects/Stealth/AfterCrashesVer/StealthGameRebuild/Content/Geometry/Gate_Green_Blueprint.uasset" 397
"D:/Projects/Stealth/AfterCrashesVer/StealthGameRebuild/Content/Materials/Master/Instances/ButtonTintedGreen.uasset" 398
"D:/Projects/Stealth/AfterCrashesVer/StealthGameRebuild/Content/Geometry/button_green_Blueprint.uasset" 399
"D:/Projects/Stealth/AfterCrashesVer/StealthGameRebuild/Content/Materials/Master/Instances/WallShadedRed.uasset" 400
"D:/Projects/Stealth/AfterCrashesVer/StealthGameRebuild/Content/Geometry/Gate_Red_Blueprint.uasset" 401
"D:/Projects/Stealth/AfterCrashesVer/StealthGameRebuild/Content/Materials/Master/Instances/ButtonTintedRed.uasset" 402
"D:/Projects/Stealth/AfterCrashesVer/StealthGameRebuild/Content/Geometry/button_red_Blueprint.uasset" 403
"D:/Projects/Stealth/AfterCrashesVer/StealthGameRebuild/Content/Models/mc/textures/mc_arm_upper.uasset" 404
"D:/Projects/Stealth/AfterCrashesVer/StealthGameRebuild/Content/Models/mc/textures/mc_arm_upper_Mat.uasset" 405
"D:/Projects/Stealth/AfterCrashesVer/StealthGameRebuild/Content/Models/mc/textures/mc_body.uasset" 406
"D:/Projects/Stealth/AfterCrashesVer/StealthGameRebuild/Content/Models/mc/textures/mc_body_Mat.uasset" 407
"D:/Projects/Stealth/AfterCrashesVer/StealthGameRebuild/Content/Models/mc/textures/mc_goggles.uasset" 408
"D:/Projects/Stealth/AfterCrashesVer/StealthGameRebuild/Content/Models/mc/textures/mc_goggles_Mat.uasset" 409
"D:/Projects/Stealth/AfterCrashesVer/StealthGameRebuild/Content/Models/mc/textures/mc_hair.uasset" 410
"D:/Projects/Stealth/AfterCrashesVer/StealthGameRebuild/Content/Models/mc/textures/mc_hair_Mat.uasset" 411
"D:/Projects/Stealth/AfterCrashesVer/StealthGameRebuild/Content/Models/mc/textures/mc_neck.uasset" 412
"D:/Projects/Stealth/AfterCrashesVer/StealthGameRebuild/Content/Models/mc/textures/mc_neck_Mat.uasset" 413
"D:/Projects/Stealth/AfterCrashesVer/StealthGameRebuild/Content/Materials/Master/Instances/backPackMaterial.uasset" 414
"D:/Projects/Stealth/AfterCrashesVer/StealthGameRebuild/Content/Models/items/knifemodeltexturedark.uasset" 415
"D:/Projects/Stealth/AfterCrashesVer/StealthGameRebuild/Content/Materials/Master/Instances/Knife.uasset" 416
"D:/Projects/Stealth/AfterCrashesVer/StealthGameRebuild/Content/Models/items/Material.uasset" 417
"D:/Projects/Stealth/AfterCrashesVer/StealthGameRebuild/Content/Models/items/knifemodel.uasset" 418
"D:/Projects/Stealth/AfterCrashesVer/StealthGameRebuild/Content/Models/mc/animations/mc_animations3_PhysicsAsset.uasset" 419
"D:/Projects/Stealth/AfterCrashesVer/StealthGameRebuild/Content/Models/mc/animations/mc_animations3.uasset" 420
"D:/Projects/Stealth/AfterCrashesVer/StealthGameRebuild/Content/UI/menu_option.uasset" 421
"D:/Projects/Stealth/AfterCrashesVer/StealthGameRebuild/Content/UI/ControllerButton.uasset" 422
"D:/Projects/Stealth/AfterCrashesVer/StealthGameRebuild/Content/UI/pauseMenuTex.uasset" 423
"D:/Projects/Stealth/AfterCrashesVer/StealthGameRebuild/Content/UI/PauseMenu.uasset" 424
"D:/Projects/Stealth/AfterCrashesVer/StealthGameRebuild/Content/Characters/mainCharacter/mc.uasset" 425
"D:/Projects/Stealth/AfterCrashesVer/StealthGameRebuild/Content/ThirdPersonBP/Blueprints/ThirdPersonGameMode.uasset" 426
"D:/Projects/Stealth/AfterCrashesVer/StealthGameRebuild/Content/UI/metal_gear_solid/METAG___.uasset" 427
"D:/Projects/Stealth/AfterCrashesVer/StealthGameRebuild/Content/UI/metal_gear_solid/METAG____Font.uasset" 428
"D:/Projects/Stealth/AfterCrashesVer/StealthGameRebuild/Content/UI/metal_gear_solid/MGS2.uasset" 429
"D:/Projects/Stealth/AfterCrashesVer/StealthGameRebuild/Content/UI/metal_gear_solid/MGS2_Font.uasset" 430
"D:/Projects/Stealth/AfterCrashesVer/StealthGameRebuild/Content/UI/metal_gear_solid/Tactical_Espionage_Action.uasset" 431
"D:/Projects/Stealth/AfterCrashesVer/StealthGameRebuild/Content/UI/metal_gear_solid/Tactical_Espionage_Action_Font.uasset" 432
"../../../Engine/Content/ArtTools/RenderToTexture/Meshes/S_1_Unit_Plane.uasset" 433
"../../../Engine/Content/BasicShapes/Cone.uasset" 434
"../../../Engine/Content/BasicShapes/Cylinder.uasset" 435
"../../../Engine/Content/BasicShapes/Sphere.uasset" 436
"../../../Engine/Content/EditorLandscapeResources/DataLayer.uasset" 437
"../../../Engine/Content/EditorMaterials/GizmoMaterial.uasset" 438
"../../../Engine/Content/EditorMaterials/MAT_Groups_Toggle.uasset" 439
"../../../Engine/Content/EditorMaterials/MAT_Groups_Visibility.uasset" 440
"../../../Engine/Content/EditorMaterials/PreviewShadowIndicator.uasset" 441
"../../../Engine/Content/EditorMaterials/PreviewShadowIndicatorMaterial.uasset" 442
"../../../Engine/Content/EditorMaterials/MatineeGroups/MAT_ColorTrack.uasset" 443
"../../../Engine/Content/EditorMaterials/MatineeGroups/MAT_Groups_Anim.uasset" 444
"../../../Engine/Content/EditorMaterials/MatineeGroups/MAT_Groups_AudioMaster.uasset" 445
"../../../Engine/Content/EditorMaterials/MatineeGroups/MAT_Groups_Director.uasset" 446
"../../../Engine/Content/EditorMaterials/MatineeGroups/MAT_Groups_Event.uasset" 447
"../../../Engine/Content/EditorMaterials/MatineeGroups/MAT_Groups_Fade.uasset" 448
"../../../Engine/Content/EditorMaterials/MatineeGroups/MAT_Groups_Float.uasset" 449
"../../../Engine/Content/EditorMaterials/MatineeGroups/MAT_Groups_Move.uasset" 450
"../../../Engine/Content/EditorMaterials/MatineeGroups/MAT_Groups_Slomo.uasset" 451
"../../../Engine/Content/EditorMaterials/MatineeGroups/MAT_Groups_Sound.uasset" 452
"../../../Engine/Content/EditorMaterials/MatineeGroups/MAT_Groups_Vector.uasset" 453
"../../../Engine/Content/EditorMaterials/ParticleSystems/PSysThumbnail_NoImage.uasset" 454
"../../../Engine/Content/EditorMaterials/ParticleSystems/PSysThumbnail_OOD.uasset" 455
"../../../Engine/Content/EditorMaterials/Camera/CineMat.uasset" 456
"../../../Engine/Content/EditorMaterials/Camera/MI_CineMat_Rig.uasset" 457
"../../../Engine/Content/EditorMeshes/Camera/SM_CraneRig_Arm.uasset" 458
"../../../Engine/Content/EditorMeshes/Camera/SM_CraneRig_Base.uasset" 459
"../../../Engine/Content/EditorMeshes/Camera/SM_CraneRig_Body.uasset" 460
"../../../Engine/Content/EditorMeshes/Camera/SM_CraneRig_Mount.uasset" 461
"../../../Engine/Content/EditorMeshes/Camera/SM_RailRig_Mount.uasset" 462
"../../../Engine/Content/EditorMeshes/Camera/SM_RailRig_Track.uasset" 463
"../../../Engine/Content/EditorResources/BSPVertex.uasset" 464
"../../../Engine/Content/EditorResources/EmptyActor.uasset" 465
"../../../Engine/Content/EditorResources/S_Actor.uasset" 466
"../../../Engine/Content/EditorResources/S_Trigger.uasset" 467
"../../../Engine/Content/EditorResources/AudioIcons/S_AudioComponent.uasset" 468
"../../../Engine/Content/EditorResources/AudioIcons/S_AudioComponent_AutoActivate.uasset" 469
"../../../Engine/Content/EditorResources/LightIcons/S_LightError.uasset" 470
"../../../Engine/Content/EditorResources/SequenceRecorder/Countdown.uasset" 471
"../../../Engine/Content/EditorResources/SequenceRecorder/RecordingIndicator.uasset" 472
"../../../Engine/Content/EditorSounds/Notifications/CompileFailed.uasset" 473
"../../../Engine/Content/EditorSounds/Notifications/CompileFailed_Cue.uasset" 474
"../../../Engine/Content/EditorSounds/Notifications/CompileSuccess.uasset" 475
"../../../Engine/Content/EditorSounds/Notifications/CompileStart_Cue.uasset" 476
"../../../Engine/Content/EditorSounds/Notifications/CompileSuccess_Cue.uasset" 477
"../../../Engine/Content/EngineDamageTypes/DmgTypeBP_Environmental.uasset" 478
"../../../Engine/Content/EngineDebugMaterials/HeatmapGradient.uasset" 479
"../../../Engine/Content/EngineDebugMaterials/BoneWeightMaterial.uasset" 480
"../../../Engine/Content/EngineDebugMaterials/ClothMaterial.uasset" 481
"../../../Engine/Content/EngineDebugMaterials/ClothMaterial_WF.uasset" 482
"../../../Engine/Content/EngineDebugMaterials/DebugEditorMaterial.uasset" 483
"../../../Engine/Content/EngineDebugMaterials/DebugMeshMaterial.uasset" 484
"../../../Engine/Content/EngineDebugMaterials/GeomMaterial.uasset" 485
"../../../Engine/Content/EngineDebugMaterials/M_SimpleTranslucent.uasset" 486
"../../../Engine/Content/EngineFonts/Faces/RobotoBold.uasset" 487
"../../../Engine/Content/EngineFonts/Faces/RobotoBoldItalic.uasset" 488
"../../../Engine/Content/EngineFonts/Faces/RobotoItalic.uasset" 489
"../../../Engine/Content/EngineFonts/Faces/RobotoLight.uasset" 490
"../../../Engine/Content/EngineFonts/Faces/RobotoRegular.uasset" 491
"../../../Engine/Content/EngineFonts/Roboto.uasset" 492
"../../../Engine/Content/EngineFonts/Faces/RobotoTiny.uasset" 493
"../../../Engine/Content/EngineFonts/RobotoTiny.uasset" 494
"../../../Engine/Content/EngineMaterials/BaseFlattenDiffuseMap.uasset" 495
"../../../Engine/Content/EngineMaterials/BaseFlattenEmissiveMap.uasset" 496
"../../../Engine/Content/EngineMaterials/BaseFlattenGrayscaleMap.uasset" 497
"../../../Engine/Content/EngineMaterials/BaseFlattenNormalMap.uasset" 498
"../../../Engine/Content/EngineMaterials/BaseFlattenMaterial.uasset" 499
"../../../Engine/Content/EngineMaterials/DefaultBloomKernel.uasset" 500
"../../../Engine/Content/EngineMaterials/DefaultBokeh.uasset" 501
"../../../Engine/Content/EngineMaterials/DefaultDeferredDecalMaterial.uasset" 502
"../../../Engine/Content/EngineMaterials/DefaultLightFunctionMaterial.uasset" 503
"../../../Engine/Content/EngineMaterials/DefaultPhysicalMaterial.uasset" 504
"../../../Engine/Content/Functions/Engine_MaterialFunctions02/Utility/BreakOutFloat2Components.uasset" 505
"../../../Engine/Content/EngineMaterials/DefaultPostProcessMaterial.uasset" 506
"../../../Engine/Content/EngineFonts/RobotoDistanceField.uasset" 507
"../../../Engine/Content/EngineMaterials/DefaultTextMaterialOpaque.uasset" 508
"../../../Engine/Content/EngineMaterials/DefaultWhiteGrid.uasset" 509
"../../../Engine/Content/EngineMaterials/EditorBrushMaterial.uasset" 510
"../../../Engine/Content/EngineMaterials/Good64x64TilingNoiseHighFreq.uasset" 511
"../../../Engine/Content/EngineMaterials/MiniFont.uasset" 512
"../../../Engine/Content/EngineMaterials/InvalidLightmapSettings.uasset" 513
"../../../Engine/Content/EngineMaterials/M_InvalidLightmapSettings.uasset" 514
"../../../Engine/Content/Functions/Engine_MaterialFunctions02/WorldPositionOffset/CameraOffset.uasset" 515
"../../../Engine/Content/EngineMaterials/PhAT_JointLimitMaterial.uasset" 516
"../../../Engine/Content/EngineMaterials/PreintegratedSkinBRDF.uasset" 517
"../../../Engine/Content/EngineMaterials/RemoveSurfaceMaterial.uasset" 518
"../../../Engine/Content/EngineMaterials/WeightMapPlaceholderTexture.uasset" 519
"../../../Engine/Content/EngineResources/WhiteSquareTexture.uasset" 520
"../../../Engine/Content/EngineMaterials/Widget3DPassThrough.uasset" 521
"../../../Engine/Content/EngineMaterials/Widget3DPassThrough_Masked.uasset" 522
"../../../Engine/Content/EngineMaterials/Widget3DPassThrough_Opaque.uasset" 523
"../../../Engine/Content/EngineMaterials/Widget3DPassThrough_Masked_OneSided.uasset" 524
"../../../Engine/Content/EngineMaterials/Widget3DPassThrough_Opaque_OneSided.uasset" 525
"../../../Engine/Content/EngineMaterials/Widget3DPassThrough_Translucent.uasset" 526
"../../../Engine/Content/EngineMaterials/Widget3DPassThrough_Translucent_OneSided.uasset" 527
"../../../Engine/Content/EngineMeshes/Cylinder.uasset" 528
"../../../Engine/Content/EngineMeshes/Sphere.uasset" 529
"../../../Engine/Content/EngineResources/Black.uasset" 530
"../../../Engine/Content/EngineResources/DefaultTexture.uasset" 531
"../../../Engine/Content/EngineResources/DefaultTextureCube.uasset" 532
"../../../Engine/Content/EngineResources/DefaultVolumeTexture2D.uasset" 533
"../../../Engine/Content/EngineResources/DefaultVolumeTexture.uasset" 534
"../../../Engine/Content/EngineResources/GradientTexture0.uasset" 535
"../../../Engine/Content/EngineSounds/Master.uasset" 536
"../../../Engine/Content/Functions/Engine_MaterialFunctions01/Shading/ConvertFromDiffSpec.uasset" 537
"../../../Engine/Content/Functions/Engine_MaterialFunctions01/Shading/PowerToRoughness.uasset" 538
"../../../Engine/Content/Maps/Templates/Thumbnails/Default.uasset" 539
"../../../Engine/Content/Maps/Templates/Thumbnails/VR-Basic.uasset" 540
"../../../Engine/Content/MobileResources/T_MobileControls_texture.uasset" 541
"../../../Engine/Content/MobileResources/T_MobileMenu2.uasset" 542
"../../../Engine/Content/MobileResources/HUD/AnalogHat.uasset" 543
"../../../Engine/Content/MobileResources/HUD/VirtualJoystick_Background.uasset" 544
"../../../Engine/Content/MobileResources/HUD/VirtualJoystick_Thumb.uasset" 545
"../../../Engine/Content/MobileResources/HUD/DefaultVirtualJoysticks.uasset" 546
"../../../Engine/Content/MobileResources/HUD/LeftVirtualJoystickOnly.uasset" 547
"../../../Engine/Content/MobileResources/HUD/MobileHUDButton1_off.uasset" 548
"../../../Engine/Content/MobileResources/HUD/MobileHUDButton1_on.uasset" 549
"../../../Engine/Content/MobileResources/HUD/MobileHUDButton2_off.uasset" 550
"../../../Engine/Content/MobileResources/HUD/MobileHUDButton2_on.uasset" 551
"../../../Engine/Content/MobileResources/HUD/MobileHUDButton3.uasset" 552
"../../../Engine/Content/MobileResources/HUD/MobileHUDButtonFire.uasset" 553
"../../../Engine/Content/MobileResources/HUD/MobileHUDDirectionPad.uasset" 554
"../../../Engine/Content/MobileResources/HUD/MobileHUDDirectionPad2.uasset" 555
"../../../Engine/Content/MobileResources/HUD/MobileHUDDirectionPad3.uasset" 556
"../../../Engine/Content/MobileResources/HUD/MobileHUDDirectionStick.uasset" 557
"../../../Engine/Content/MobileResources/HUD/T_Castle_ThumbstickInner.uasset" 558
"../../../Engine/Content/MobileResources/HUD/T_Castle_ThumbstickOutter.uasset" 559
"../../../Engine/Content/Tutorial/ContentIntroCurve.uasset" 560
"../../../Engine/Content/Tutorial/Basics/TutorialAssets/icon_tab_Levels_40x.uasset" 561
"../../../Engine/Content/Tutorial/BlueprintTutorials/TutorialAssets/Blueprint_64x.uasset" 562
"../../../Engine/Content/Tutorial/SubEditors/TutorialAssets/TutorialMaterial.uasset" 563
"../../../Engine/Content/Tutorial/SubEditors/TutorialAssets/T_SmokeSubUV_8X8.uasset" 564
"../../../Engine/Content/Tutorial/SubEditors/TutorialAssets/T_soft_smoke.uasset" 565
"../../../Engine/Content/Tutorial/SubEditors/TutorialAssets/M_smoke_subUV_blackbody.uasset" 566
"../../../Engine/Content/Tutorial/SubEditors/TutorialAssets/TutorialParticleSystem.uasset" 567
"../../../Engine/Content/VREditor/LaserPointer/VR_LaserPower_01.uasset" 568
"../../../Engine/Content/VREditor/TransformGizmo/TransformGizmoMaterial.uasset" 569
"../../../Engine/Content/VREditor/TransformGizmo/TranslucentTransformGizmoMaterial.uasset" 570
"../../../Engine/Content/VREditor/TransformGizmo/BoundingBoxCorner.uasset" 571
"../../../Engine/Content/VREditor/TransformGizmo/BoundingBoxEdge.uasset" 572
"../../../Engine/Content/VREditor/TransformGizmo/PlaneTranslationHandle.uasset" 573
"../../../Engine/Content/VREditor/TransformGizmo/Main.uasset" 574
"../../../Engine/Content/VREditor/TransformGizmo/Xray.uasset" 575
"../../../Engine/Content/VREditor/TransformGizmo/SM_Sequencer_Key.uasset" 576
"../../../Engine/Content/VREditor/TransformGizmo/SM_Sequencer_Node.uasset" 577
"../../Plugins/2D/Paper2D/Content/PlaceholderTextures/DummySpriteTexture.uasset" 578
"../../Plugins/2D/Paper2D/Content/DummySprite.uasset" 579
"../../Plugins/2D/Paper2D/Content/DefaultPaperTerrainMaterial.uasset" 580
"../../Plugins/2D/Paper2D/Content/DefaultSpriteMaterial.uasset" 581
"../../Plugins/2D/Paper2D/Content/MaskedUnlitSpriteMaterial.uasset" 582
"../../Plugins/2D/Paper2D/Content/OpaqueUnlitSpriteMaterial.uasset" 583
"../../Plugins/Runtime/Oculus/OculusVR/Content/Materials/PokeAHoleMaterial.uasset" 584
"../../Plugins/Runtime/Oculus/OculusVR/Content/Textures/GearVRController_AO.uasset" 585
"../../Plugins/Runtime/Oculus/OculusVR/Content/Textures/GearVRController_Color.uasset" 586
"../../Plugins/Runtime/Oculus/OculusVR/Content/Textures/GearVRController_Normal.uasset" 587
"../../Plugins/Runtime/Oculus/OculusVR/Content/Materials/GearVRControllerMaterial.uasset" 588
"../../Plugins/Runtime/Oculus/OculusVR/Content/Meshes/GearVrController.uasset" 589
"../../Plugins/Runtime/Oculus/OculusVR/Content/Textures/touchController_albedo.uasset" 590
"../../Plugins/Runtime/Oculus/OculusVR/Content/Textures/touchController_controlmap.uasset" 591
"../../Plugins/Runtime/Oculus/OculusVR/Content/Materials/touchController_mat.uasset" 592
"../../Plugins/Runtime/Oculus/OculusVR/Content/Meshes/LeftTouchController.uasset" 593
"../../Plugins/Runtime/Oculus/OculusVR/Content/Meshes/RiftHMD.uasset" 594
"../../Plugins/Runtime/Oculus/OculusVR/Content/Meshes/RightTouchController.uasset" 595
"D:/Projects/Stealth/AfterCrashesVer/StealthGameRebuild/Content/Blueprints/actorSetup.uasset" 596
"D:/Projects/Stealth/AfterCrashesVer/StealthGameRebuild/Content/Textures/AmmoBox_lambert1_AlbedoTransparency.uasset" 597
"D:/Projects/Stealth/AfterCrashesVer/StealthGameRebuild/Content/Materials/Master/Instances/AmmoBox.uasset" 598
"D:/Projects/Stealth/AfterCrashesVer/StealthGameRebuild/Content/Models/items/AmmoBox.uasset" 599
"D:/Projects/Stealth/AfterCrashesVer/StealthGameRebuild/Content/Blueprints/Items/AmmoBox.uasset" 600
"D:/Projects/Stealth/AfterCrashesVer/StealthGameRebuild/Content/Textures/buzzcard.uasset" 601
"D:/Projects/Stealth/AfterCrashesVer/StealthGameRebuild/Content/Materials/Master/Instances/Buzzcard.uasset" 602
"D:/Projects/Stealth/AfterCrashesVer/StealthGameRebuild/Content/Blueprints/Items/Buzzcard.uasset" 603
"D:/Projects/Stealth/AfterCrashesVer/StealthGameRebuild/Content/Geometry/elevator_doorway_Blueprint.uasset" 604
"D:/Projects/Stealth/AfterCrashesVer/StealthGameRebuild/Content/Materials/Master/Instances/WallMat.uasset" 605
"D:/Projects/Stealth/AfterCrashesVer/StealthGameRebuild/Content/Geometry/wall1_Blueprint.uasset" 606
"D:/Projects/Stealth/AfterCrashesVer/StealthGameRebuild/Content/Models/environment/wall_corner_small_tex.uasset" 607
"D:/Projects/Stealth/AfterCrashesVer/StealthGameRebuild/Content/Materials/Master/Instances/wall_corner_concave.uasset" 608
"D:/Projects/Stealth/AfterCrashesVer/StealthGameRebuild/Content/Textures/wall_flat_narrow_tex.uasset" 609
"D:/Projects/Stealth/AfterCrashesVer/StealthGameRebuild/Content/Materials/Master/Instances/Wall_flat_narrow_tex.uasset" 610
"D:/Projects/Stealth/AfterCrashesVer/StealthGameRebuild/Content/Models/environment/wall_corner_small.uasset" 611
"D:/Projects/Stealth/AfterCrashesVer/StealthGameRebuild/Content/Geometry/wall_corner_concave_Blueprint.uasset" 612
"D:/Projects/Stealth/AfterCrashesVer/StealthGameRebuild/Content/Materials/Master/Instances/CornerMaterial.uasset" 613
"D:/Projects/Stealth/AfterCrashesVer/StealthGameRebuild/Content/Models/environment/wall_corner_large.uasset" 614
"D:/Projects/Stealth/AfterCrashesVer/StealthGameRebuild/Content/Geometry/wall_corner_large_bp.uasset" 615
"D:/Projects/Stealth/AfterCrashesVer/StealthGameRebuild/Content/Geometry/wall_corner_large_tall_bp.uasset" 616
"D:/Projects/Stealth/AfterCrashesVer/StealthGameRebuild/Content/Maps/1_IntroLevel_BuiltData.uasset" 617
"D:/Projects/Stealth/AfterCrashesVer/StealthGameRebuild/Content/Materials/Master/Instances/Floor_metal_1.uasset" 618
"D:/Projects/Stealth/AfterCrashesVer/StealthGameRebuild/Content/Materials/Master/Instances/Pixellate_screen_inst.uasset" 619
"D:/Projects/Stealth/AfterCrashesVer/StealthGameRebuild/Content/Models/environment/platformTex.uasset" 620
"D:/Projects/Stealth/AfterCrashesVer/StealthGameRebuild/Content/Materials/Master/Instances/plaform.uasset" 621
"D:/Projects/Stealth/AfterCrashesVer/StealthGameRebuild/Content/Geometry/Meshes/CubeMaterial.uasset" 622
"D:/Projects/Stealth/AfterCrashesVer/StealthGameRebuild/Content/Geometry/Meshes/TemplateFloor.uasset" 623
"D:/Projects/Stealth/AfterCrashesVer/StealthGameRebuild/Content/Models/environment/platform.uasset" 624
"D:/Projects/Stealth/AfterCrashesVer/StealthGameRebuild/Content/Maps/1_IntroLevel.umap" 625
"D:/Projects/Stealth/AfterCrashesVer/StealthGameRebuild/Content/Geometry/platform_Blueprint.uasset" 626
"D:/Projects/Stealth/AfterCrashesVer/StealthGameRebuild/Content/Models/environment/stairsTex.uasset" 627
"D:/Projects/Stealth/AfterCrashesVer/StealthGameRebuild/Content/Materials/Master/Instances/stairs.uasset" 628
"D:/Projects/Stealth/AfterCrashesVer/StealthGameRebuild/Content/Models/environment/stairs.uasset" 629
"D:/Projects/Stealth/AfterCrashesVer/StealthGameRebuild/Content/Geometry/stairs_Blueprint.uasset" 630
"D:/Projects/Stealth/AfterCrashesVer/StealthGameRebuild/Content/Models/environment/wall_duct_tex.uasset" 631
"D:/Projects/Stealth/AfterCrashesVer/StealthGameRebuild/Content/Materials/Master/Instances/WallDuctMat.uasset" 632
"D:/Projects/Stealth/AfterCrashesVer/StealthGameRebuild/Content/Models/environment/Material_001.uasset" 633
"D:/Projects/Stealth/AfterCrashesVer/StealthGameRebuild/Content/Models/environment/wall_duct.uasset" 634
"D:/Projects/Stealth/AfterCrashesVer/StealthGameRebuild/Content/Geometry/wall_duct_blueprint.uasset" 635
"D:/Projects/Stealth/AfterCrashesVer/StealthGameRebuild/Content/Maps/2_LargeFlat.umap" 636
"D:/Projects/Stealth/AfterCrashesVer/StealthGameRebuild/Content/Blueprints/LadderTop_Blueprint.uasset" 637
"D:/Projects/Stealth/AfterCrashesVer/StealthGameRebuild/Content/Textures/KEYCARD_RED.uasset" 638
"D:/Projects/Stealth/AfterCrashesVer/StealthGameRebuild/Content/Materials/Master/Instances/Keycard_red.uasset" 639
"D:/Projects/Stealth/AfterCrashesVer/StealthGameRebuild/Content/Blueprints/Items/Keycard_Red.uasset" 640
"D:/Projects/Stealth/AfterCrashesVer/StealthGameRebuild/Content/Materials/Master/Instances/LadderMat.uasset" 641
"D:/Projects/Stealth/AfterCrashesVer/StealthGameRebuild/Content/Geometry/ladder_Blueprint.uasset" 642
"D:/Projects/Stealth/AfterCrashesVer/StealthGameRebuild/Content/Blueprints/ladder_Blueprint.uasset" 643
"D:/Projects/Stealth/AfterCrashesVer/StealthGameRebuild/Content/Models/environment/catwalkTex.uasset" 644
"D:/Projects/Stealth/AfterCrashesVer/StealthGameRebuild/Content/Models/environment/catwalkTex_alpha.uasset" 645
"D:/Projects/Stealth/AfterCrashesVer/StealthGameRebuild/Content/Materials/Master/Instances/Catwlak.uasset" 646
"D:/Projects/Stealth/AfterCrashesVer/StealthGameRebuild/Content/Models/environment/lambert1.uasset" 647
"D:/Projects/Stealth/AfterCrashesVer/StealthGameRebuild/Content/Models/environment/catwalk_platform.uasset" 648
"D:/Projects/Stealth/AfterCrashesVer/StealthGameRebuild/Content/Geometry/catwalk_platform_Blueprint.uasset" 649
"D:/Projects/Stealth/AfterCrashesVer/StealthGameRebuild/Content/Textures/duct_texture.uasset" 650
"D:/Projects/Stealth/AfterCrashesVer/StealthGameRebuild/Content/Materials/Master/Instances/Duct.uasset" 651
"D:/Projects/Stealth/AfterCrashesVer/StealthGameRebuild/Content/Models/environment/duct.uasset" 652
"D:/Projects/Stealth/AfterCrashesVer/StealthGameRebuild/Content/Geometry/duct_Blueprint.uasset" 653
"D:/Projects/Stealth/AfterCrashesVer/StealthGameRebuild/Content/Models/environment/duct_corner.uasset" 654
"D:/Projects/Stealth/AfterCrashesVer/StealthGameRebuild/Content/Maps/3_LargeWithCatwalks.umap" 655
"D:/Projects/Stealth/AfterCrashesVer/StealthGameRebuild/Content/Textures/KEYCARD_BLUE.uasset" 656
"D:/Projects/Stealth/AfterCrashesVer/StealthGameRebuild/Content/Materials/Master/Instances/Keycard_Blue.uasset" 657
"D:/Projects/Stealth/AfterCrashesVer/StealthGameRebuild/Content/Blueprints/Items/Keycard_Blue.uasset" 658
"D:/Projects/Stealth/AfterCrashesVer/StealthGameRebuild/Content/Maps/4_LoopMap.umap" 659
"D:/Projects/Stealth/AfterCrashesVer/StealthGameRebuild/Content/Geometry/Actor_Blueprint.uasset" 660
"D:/Projects/Stealth/AfterCrashesVer/StealthGameRebuild/Content/Models/environment/wall_flat_gpburdell1.uasset" 661
"D:/Projects/Stealth/AfterCrashesVer/StealthGameRebuild/Content/Models/environment/wall_gpb1_tex_Mat1.uasset" 662
"D:/Projects/Stealth/AfterCrashesVer/StealthGameRebuild/Content/Models/environment/wall_flat_gpburdell2.uasset" 663
"D:/Projects/Stealth/AfterCrashesVer/StealthGameRebuild/Content/Models/environment/wall_gpb2_tex_Mat2.uasset" 664
"D:/Projects/Stealth/AfterCrashesVer/StealthGameRebuild/Content/Models/environment/wall_flat_gpburdell3.uasset" 665
"D:/Projects/Stealth/AfterCrashesVer/StealthGameRebuild/Content/Models/environment/wall_gpb3_tex_Mat3.uasset" 666
"D:/Projects/Stealth/AfterCrashesVer/StealthGameRebuild/Content/Models/environment/wall_flat_gpburdell4.uasset" 667
"D:/Projects/Stealth/AfterCrashesVer/StealthGameRebuild/Content/Models/environment/wall_gpb4_tex_Mat4.uasset" 668
"D:/Projects/Stealth/AfterCrashesVer/StealthGameRebuild/Content/Models/environment/wall_flat_gpburdell5.uasset" 669
"D:/Projects/Stealth/AfterCrashesVer/StealthGameRebuild/Content/Models/environment/wall_gpb5_tex_Mat5.uasset" 670
"D:/Projects/Stealth/AfterCrashesVer/StealthGameRebuild/Content/Models/environment/wall_flat_gpburdell6.uasset" 671
"D:/Projects/Stealth/AfterCrashesVer/StealthGameRebuild/Content/Models/environment/wall_gpb6_tex_Mat6.uasset" 672
"D:/Projects/Stealth/AfterCrashesVer/StealthGameRebuild/Content/Maps/aMaze.umap" 673
"D:/Projects/Stealth/AfterCrashesVer/StealthGameRebuild/Content/Maps/CircleMap.umap" 674
"D:/Projects/Stealth/AfterCrashesVer/StealthGameRebuild/Content/Maps/FINAL_BOSS_BuiltData.uasset" 675
"D:/Projects/Stealth/AfterCrashesVer/StealthGameRebuild/Content/Maps/FINAL_BOSS.umap" 676
"D:/Projects/Stealth/AfterCrashesVer/StealthGameRebuild/Content/Maps/JamesMap.umap" 677
"D:/Projects/Stealth/AfterCrashesVer/StealthGameRebuild/Content/Maps/JennaMap.umap" 678
"D:/Projects/Stealth/AfterCrashesVer/StealthGameRebuild/Content/Maps/LevelHJK.umap" 679
"D:/Projects/Stealth/AfterCrashesVer/StealthGameRebuild/Content/Maps/LevelSequence.uasset" 680
"D:/Projects/Stealth/AfterCrashesVer/StealthGameRebuild/Content/Maps/MainLevel_BuiltData.uasset" 681
"D:/Projects/Stealth/AfterCrashesVer/StealthGameRebuild/Content/Maps/MainLevel.umap" 682
"D:/Projects/Stealth/AfterCrashesVer/StealthGameRebuild/Content/Maps/TestMap.umap" 683
"D:/Projects/Stealth/AfterCrashesVer/StealthGameRebuild/Content/Maps/TestMap2.umap" 684
"D:/Projects/Stealth/AfterCrashesVer/StealthGameRebuild/Content/MainMenu/MenuGameMode.uasset" 685
"D:/Projects/Stealth/AfterCrashesVer/StealthGameRebuild/Content/MainMenu/MainMenu_BuiltData.uasset" 686
"D:/Projects/Stealth/AfterCrashesVer/StealthGameRebuild/Content/MainMenu/Materials/Tower.uasset" 687
"D:/Projects/Stealth/AfterCrashesVer/StealthGameRebuild/Content/MainMenu/Materials/TowerGlow.uasset" 688
"D:/Projects/Stealth/AfterCrashesVer/StealthGameRebuild/Content/MainMenu/Fonts/Cold_Warm.uasset" 689
"D:/Projects/Stealth/AfterCrashesVer/StealthGameRebuild/Content/MainMenu/Fonts/Cold_Warm_Font.uasset" 690
"D:/Projects/Stealth/AfterCrashesVer/StealthGameRebuild/Content/MainMenu/MenuWidget.uasset" 691
"D:/Projects/Stealth/AfterCrashesVer/StealthGameRebuild/Content/MainMenu/Models/Tower_Text.uasset" 692
"D:/Projects/Stealth/AfterCrashesVer/StealthGameRebuild/Content/MainMenu/Models/Tower_Text_Outline.uasset" 693
"D:/Projects/Stealth/AfterCrashesVer/StealthGameRebuild/Content/MainMenu/Models/Tower_Tower.uasset" 694
"D:/Projects/Stealth/AfterCrashesVer/StealthGameRebuild/Content/MainMenu/MainMenu.umap" 695
"D:/Projects/Stealth/AfterCrashesVer/StealthGameRebuild/Content/StarterContent/Blueprints/Assets/FogBrightnessLUT.uasset" 696
"D:/Projects/Stealth/AfterCrashesVer/StealthGameRebuild/Content/StarterContent/Blueprints/Assets/SunlightColorLUT.uasset" 697
"D:/Projects/Stealth/AfterCrashesVer/StealthGameRebuild/Content/StarterContent/Blueprints/Assets/M_LightStage_Arrows.uasset" 698
"../../../Engine/Content/MapTemplates/Sky/DaylightAmbientCubemap.uasset" 699
"D:/Projects/Stealth/AfterCrashesVer/StealthGameRebuild/Content/StarterContent/Blueprints/Assets/M_LightStage_Skybox_Master.uasset" 700
"D:/Projects/Stealth/AfterCrashesVer/StealthGameRebuild/Content/StarterContent/Blueprints/Assets/M_LightStage_Skybox_Black.uasset" 701
"D:/Projects/Stealth/AfterCrashesVer/StealthGameRebuild/Content/StarterContent/Blueprints/Assets/M_LightStage_Skybox_HDRI.uasset" 702
"../../../Engine/Content/EditorMaterials/Thumbnails/SkySphereMaterial.uasset" 703
"D:/Projects/Stealth/AfterCrashesVer/StealthGameRebuild/Content/StarterContent/Blueprints/Assets/Skybox.uasset" 704
"D:/Projects/Stealth/AfterCrashesVer/StealthGameRebuild/Content/StarterContent/Blueprints/Assets/SM_Arrows.uasset" 705
"D:/Projects/Stealth/AfterCrashesVer/StealthGameRebuild/Content/StarterContent/HDRI/HDRI_Epic_Courtyard_Daylight.uasset" 706
"D:/Projects/Stealth/AfterCrashesVer/StealthGameRebuild/Content/StarterContent/Blueprints/BP_LightStudio.uasset" 707
"D:/Projects/Stealth/AfterCrashesVer/StealthGameRebuild/Content/StarterContent/Maps/Advanced_Lighting_BuiltData.uasset" 708
"D:/Projects/Stealth/AfterCrashesVer/StealthGameRebuild/Content/StarterContent/Materials/M_AssetPlatform.uasset" 709
"../../../Engine/Content/EditorMeshes/ColorCalibrator/M_ChromeBall.uasset" 710
"../../../Engine/Content/EditorMeshes/ColorCalibrator/M_ClearCoat.uasset" 711
"../../../Engine/Content/EditorMeshes/ColorCalibrator/M_ClearCoatBlack.uasset" 712
"../../../Engine/Content/EditorMeshes/ColorCalibrator/Color_checker.uasset" 713
"../../../Engine/Content/EditorMeshes/ColorCalibrator/M_ColorGrid.uasset" 714
"../../../Engine/Content/EditorMeshes/ColorCalibrator/M_GreyBall.uasset" 715
"../../../Engine/Content/EditorMeshes/ColorCalibrator/SM_ColorCalibrator.uasset" 716
"D:/Projects/Stealth/AfterCrashesVer/StealthGameRebuild/Content/StarterContent/Architecture/SM_AssetPlatform.uasset" 717
"D:/Projects/Stealth/AfterCrashesVer/StealthGameRebuild/Content/StarterContent/Maps/Advanced_Lighting.umap" 718
"../../../Engine/Content/EngineSky/C_Sky_Cloud_Color.uasset" 719
"../../../Engine/Content/EngineSky/C_Sky_Horizon_Color.uasset" 720
"../../../Engine/Content/EngineSky/C_Sky_Zenith_Color.uasset" 721
"../../../Engine/Content/EngineSky/T_Sky_Blue.uasset" 722
"../../../Engine/Content/EngineSky/T_Sky_Clouds_M.uasset" 723
"../../../Engine/Content/EngineSky/T_Sky_Stars.uasset" 724
"../../../Engine/Content/EngineSky/M_Sky_Panning_Clouds2.uasset" 725
"../../../Engine/Content/EngineSky/SM_SkySphere.uasset" 726
"../../../Engine/Content/EngineSky/BP_Sky_Sphere.uasset" 727
"D:/Projects/Stealth/AfterCrashesVer/StealthGameRebuild/Content/StarterContent/Maps/Minimal_Default_BuiltData.uasset" 728
"D:/Projects/Stealth/AfterCrashesVer/StealthGameRebuild/Content/StarterContent/Textures/T_MacroVariation.uasset" 729
"D:/Projects/Stealth/AfterCrashesVer/StealthGameRebuild/Content/StarterContent/Materials/M_Metal_Brushed_Nickel.uasset" 730
"D:/Projects/Stealth/AfterCrashesVer/StealthGameRebuild/Content/StarterContent/Textures/T_Metal_Aluminum_D.uasset" 731
"D:/Projects/Stealth/AfterCrashesVer/StealthGameRebuild/Content/StarterContent/Textures/T_Metal_Gold_N.uasset" 732
"D:/Projects/Stealth/AfterCrashesVer/StealthGameRebuild/Content/StarterContent/Materials/M_Metal_Burnished_Steel.uasset" 733
"D:/Projects/Stealth/AfterCrashesVer/StealthGameRebuild/Content/StarterContent/Textures/T_Metal_Copper_D.uasset" 734
"D:/Projects/Stealth/AfterCrashesVer/StealthGameRebuild/Content/StarterContent/Materials/M_Metal_Copper.uasset" 735
"D:/Projects/Stealth/AfterCrashesVer/StealthGameRebuild/Content/StarterContent/Textures/T_Statue_M.uasset" 736
"D:/Projects/Stealth/AfterCrashesVer/StealthGameRebuild/Content/StarterContent/Textures/T_Statue_N.uasset" 737
"D:/Projects/Stealth/AfterCrashesVer/StealthGameRebuild/Content/StarterContent/Props/Materials/M_StatueGlass.uasset" 738
"D:/Projects/Stealth/AfterCrashesVer/StealthGameRebuild/Content/StarterContent/Architecture/Floor_400x400.uasset" 739
"D:/Projects/Stealth/AfterCrashesVer/StealthGameRebuild/Content/StarterContent/Audio/Starter_Background_Cue.uasset" 740
"D:/Projects/Stealth/AfterCrashesVer/StealthGameRebuild/Content/StarterContent/Props/SM_Chair.uasset" 741
"D:/Projects/Stealth/AfterCrashesVer/StealthGameRebuild/Content/StarterContent/Props/Materials/M_Statue.uasset" 742
"D:/Projects/Stealth/AfterCrashesVer/StealthGameRebuild/Content/StarterContent/Props/SM_Statue.uasset" 743
"D:/Projects/Stealth/AfterCrashesVer/StealthGameRebuild/Content/StarterContent/Textures/T_TableRound_M.uasset" 744
"D:/Projects/Stealth/AfterCrashesVer/StealthGameRebuild/Content/StarterContent/Textures/T_TableRound_N.uasset" 745
"D:/Projects/Stealth/AfterCrashesVer/StealthGameRebuild/Content/StarterContent/Props/Materials/M_TableRound.uasset" 746
"D:/Projects/Stealth/AfterCrashesVer/StealthGameRebuild/Content/StarterContent/Props/SM_TableRound.uasset" 747
"D:/Projects/Stealth/AfterCrashesVer/StealthGameRebuild/Content/StarterContent/Maps/Minimal_Default.umap" 748
"D:/Projects/Stealth/AfterCrashesVer/StealthGameRebuild/Content/StarterContent/Audio/Fire01_Cue.uasset" 749
"D:/Projects/Stealth/AfterCrashesVer/StealthGameRebuild/Content/StarterContent/Textures/T_Fire_SubUV.uasset" 750
"D:/Projects/Stealth/AfterCrashesVer/StealthGameRebuild/Content/StarterContent/Textures/T_Fire_Tiled_D.uasset" 751
"D:/Projects/Stealth/AfterCrashesVer/StealthGameRebuild/Content/StarterContent/Particles/Materials/M_Fire_SubUV.uasset" 752
"D:/Projects/Stealth/AfterCrashesVer/StealthGameRebuild/Content/StarterContent/Textures/T_Water_N.uasset" 753
"D:/Projects/Stealth/AfterCrashesVer/StealthGameRebuild/Content/StarterContent/Particles/Materials/M_Heat_Distortion.uasset" 754
"D:/Projects/Stealth/AfterCrashesVer/StealthGameRebuild/Content/StarterContent/Particles/Materials/M_Radial_Gradient.uasset" 755
"D:/Projects/Stealth/AfterCrashesVer/StealthGameRebuild/Content/StarterContent/Particles/P_Fire.uasset" 756
"D:/Projects/Stealth/AfterCrashesVer/StealthGameRebuild/Content/StarterContent/Blueprints/Blueprint_Effect_Fire.uasset" 757
"D:/Projects/Stealth/AfterCrashesVer/StealthGameRebuild/Content/StarterContent/Audio/Smoke01_Cue.uasset" 758
"D:/Projects/Stealth/AfterCrashesVer/StealthGameRebuild/Content/StarterContent/Particles/P_Smoke.uasset" 759
"D:/Projects/Stealth/AfterCrashesVer/StealthGameRebuild/Content/StarterContent/Blueprints/Blueprint_Effect_Smoke.uasset" 760
"D:/Projects/Stealth/AfterCrashesVer/StealthGameRebuild/Content/StarterContent/Audio/Fire_Sparks01_Cue.uasset" 761
"D:/Projects/Stealth/AfterCrashesVer/StealthGameRebuild/Content/StarterContent/Textures/T_Spark_Core.uasset" 762
"D:/Projects/Stealth/AfterCrashesVer/StealthGameRebuild/Content/StarterContent/Particles/Materials/M_Spark.uasset" 763
"D:/Projects/Stealth/AfterCrashesVer/StealthGameRebuild/Content/StarterContent/Particles/P_Sparks.uasset" 764
"D:/Projects/Stealth/AfterCrashesVer/StealthGameRebuild/Content/StarterContent/Blueprints/Blueprint_Effect_Sparks.uasset" 765
"D:/Projects/Stealth/AfterCrashesVer/StealthGameRebuild/Content/StarterContent/Audio/Steam01_Cue.uasset" 766
"D:/Projects/Stealth/AfterCrashesVer/StealthGameRebuild/Content/StarterContent/Particles/P_Steam_Lit.uasset" 767
"D:/Projects/Stealth/AfterCrashesVer/StealthGameRebuild/Content/StarterContent/Blueprints/Blueprint_Effect_Steam.uasset" 768
"D:/Projects/Stealth/AfterCrashesVer/StealthGameRebuild/Content/StarterContent/Textures/T_Lamp_M.uasset" 769
"D:/Projects/Stealth/AfterCrashesVer/StealthGameRebuild/Content/StarterContent/Textures/T_Lamp_N.uasset" 770
"D:/Projects/Stealth/AfterCrashesVer/StealthGameRebuild/Content/StarterContent/Props/Materials/M_Lamp.uasset" 771
"D:/Projects/Stealth/AfterCrashesVer/StealthGameRebuild/Content/StarterContent/Props/SM_Lamp_Ceiling.uasset" 772
"D:/Projects/Stealth/AfterCrashesVer/StealthGameRebuild/Content/StarterContent/Blueprints/Blueprint_CeilingLight.uasset" 773
"D:/Projects/Stealth/AfterCrashesVer/StealthGameRebuild/Content/StarterContent/Props/SM_Lamp_Wall.uasset" 774
"D:/Projects/Stealth/AfterCrashesVer/StealthGameRebuild/Content/StarterContent/Blueprints/Blueprint_WallSconce.uasset" 775
"D:/Projects/Stealth/AfterCrashesVer/StealthGameRebuild/Content/StarterContent/Maps/StarterMap_BuiltData.uasset" 776
"../../../Engine/Content/Functions/Engine_MaterialFunctions03/Procedurals/ComputeFilterWidth.uasset" 777
"../../../Engine/Content/EngineMaterials/AntiAliasedTextMaterialTranslucent.uasset" 778
"D:/Projects/Stealth/AfterCrashesVer/StealthGameRebuild/Content/StarterContent/Textures/T_Brick_Clay_Beveled_D.uasset" 779
"D:/Projects/Stealth/AfterCrashesVer/StealthGameRebuild/Content/StarterContent/Textures/T_Brick_Clay_Beveled_M.uasset" 780
"D:/Projects/Stealth/AfterCrashesVer/StealthGameRebuild/Content/StarterContent/Textures/T_Brick_Clay_Beveled_N.uasset" 781
"D:/Projects/Stealth/AfterCrashesVer/StealthGameRebuild/Content/StarterContent/Materials/M_Brick_Clay_Beveled.uasset" 782
"D:/Projects/Stealth/AfterCrashesVer/StealthGameRebuild/Content/StarterContent/Textures/T_Brick_Clay_New_D.uasset" 783
"D:/Projects/Stealth/AfterCrashesVer/StealthGameRebuild/Content/StarterContent/Textures/T_Brick_Clay_New_M.uasset" 784
"D:/Projects/Stealth/AfterCrashesVer/StealthGameRebuild/Content/StarterContent/Textures/T_Brick_Clay_New_N.uasset" 785
"D:/Projects/Stealth/AfterCrashesVer/StealthGameRebuild/Content/StarterContent/Materials/M_Brick_Clay_New.uasset" 786
"D:/Projects/Stealth/AfterCrashesVer/StealthGameRebuild/Content/StarterContent/Textures/T_Brick_Clay_Old_D.uasset" 787
"D:/Projects/Stealth/AfterCrashesVer/StealthGameRebuild/Content/StarterContent/Textures/T_Brick_Clay_Old_N.uasset" 788
"D:/Projects/Stealth/AfterCrashesVer/StealthGameRebuild/Content/StarterContent/Textures/T_Perlin_Noise_M.uasset" 789
"D:/Projects/Stealth/AfterCrashesVer/StealthGameRebuild/Content/StarterContent/Materials/M_Brick_Clay_Old.uasset" 790
"D:/Projects/Stealth/AfterCrashesVer/StealthGameRebuild/Content/StarterContent/Textures/T_Brick_Cut_Stone_D.uasset" 791
"D:/Projects/Stealth/AfterCrashesVer/StealthGameRebuild/Content/StarterContent/Textures/T_Brick_Cut_Stone_N.uasset" 792
"D:/Projects/Stealth/AfterCrashesVer/StealthGameRebuild/Content/StarterContent/Materials/M_Brick_Cut_Stone.uasset" 793
"D:/Projects/Stealth/AfterCrashesVer/StealthGameRebuild/Content/StarterContent/Textures/T_Brick_Hewn_Stone_D.uasset" 794
"D:/Projects/Stealth/AfterCrashesVer/StealthGameRebuild/Content/StarterContent/Textures/T_Brick_Hewn_Stone_M.uasset" 795
"D:/Projects/Stealth/AfterCrashesVer/StealthGameRebuild/Content/StarterContent/Textures/T_Brick_Hewn_Stone_N.uasset" 796
"D:/Projects/Stealth/AfterCrashesVer/StealthGameRebuild/Content/StarterContent/Materials/M_Brick_Hewn_Stone.uasset" 797
"D:/Projects/Stealth/AfterCrashesVer/StealthGameRebuild/Content/StarterContent/Textures/T_Ceramic_Tile_M.uasset" 798
"D:/Projects/Stealth/AfterCrashesVer/StealthGameRebuild/Content/StarterContent/Textures/T_Ceramic_Tile_N.uasset" 799
"D:/Projects/Stealth/AfterCrashesVer/StealthGameRebuild/Content/StarterContent/Textures/T_Rock_Marble_Polished_D.uasset" 800
"D:/Projects/Stealth/AfterCrashesVer/StealthGameRebuild/Content/StarterContent/Materials/M_Ceramic_Tile_Checker.uasset" 801
"D:/Projects/Stealth/AfterCrashesVer/StealthGameRebuild/Content/StarterContent/Textures/T_CobbleStone_Pebble_D.uasset" 802
"D:/Projects/Stealth/AfterCrashesVer/StealthGameRebuild/Content/StarterContent/Textures/T_CobbleStone_Pebble_M.uasset" 803
"D:/Projects/Stealth/AfterCrashesVer/StealthGameRebuild/Content/StarterContent/Textures/T_CobbleStone_Pebble_N.uasset" 804
"D:/Projects/Stealth/AfterCrashesVer/StealthGameRebuild/Content/StarterContent/Materials/M_CobbleStone_Pebble.uasset" 805
"D:/Projects/Stealth/AfterCrashesVer/StealthGameRebuild/Content/StarterContent/Textures/T_CobbleStone_Rough_D.uasset" 806
"D:/Projects/Stealth/AfterCrashesVer/StealthGameRebuild/Content/StarterContent/Textures/T_CobbleStone_Rough_N.uasset" 807
"D:/Projects/Stealth/AfterCrashesVer/StealthGameRebuild/Content/StarterContent/Textures/T_Gradinet_01.uasset" 808
"D:/Projects/Stealth/AfterCrashesVer/StealthGameRebuild/Content/StarterContent/Textures/T_Rock_Smooth_Granite_D.uasset" 809
"D:/Projects/Stealth/AfterCrashesVer/StealthGameRebuild/Content/StarterContent/Materials/M_CobbleStone_Rough.uasset" 810
"D:/Projects/Stealth/AfterCrashesVer/StealthGameRebuild/Content/StarterContent/Textures/T_CobbleStone_Smooth_D.uasset" 811
"D:/Projects/Stealth/AfterCrashesVer/StealthGameRebuild/Content/StarterContent/Textures/T_CobbleStone_Smooth_M.uasset" 812
"D:/Projects/Stealth/AfterCrashesVer/StealthGameRebuild/Content/StarterContent/Textures/T_CobbleStone_Smooth_N.uasset" 813
"D:/Projects/Stealth/AfterCrashesVer/StealthGameRebuild/Content/StarterContent/Materials/M_CobbleStone_Smooth.uasset" 814
"D:/Projects/Stealth/AfterCrashesVer/StealthGameRebuild/Content/StarterContent/Textures/T_Concrete_Grime_D.uasset" 815
"D:/Projects/Stealth/AfterCrashesVer/StealthGameRebuild/Content/StarterContent/Textures/T_Metal_Rust_N.uasset" 816
"D:/Projects/Stealth/AfterCrashesVer/StealthGameRebuild/Content/StarterContent/Materials/M_Concrete_Grime.uasset" 817
"D:/Projects/Stealth/AfterCrashesVer/StealthGameRebuild/Content/StarterContent/Textures/T_Concrete_Panels_D.uasset" 818
"D:/Projects/Stealth/AfterCrashesVer/StealthGameRebuild/Content/StarterContent/Textures/T_Concrete_Panels_N.uasset" 819
"D:/Projects/Stealth/AfterCrashesVer/StealthGameRebuild/Content/StarterContent/Materials/M_Concrete_Panels.uasset" 820
"D:/Projects/Stealth/AfterCrashesVer/StealthGameRebuild/Content/StarterContent/Textures/T_Concrete_Poured_D.uasset" 821
"D:/Projects/Stealth/AfterCrashesVer/StealthGameRebuild/Content/StarterContent/Textures/T_Concrete_Poured_N.uasset" 822
"D:/Projects/Stealth/AfterCrashesVer/StealthGameRebuild/Content/StarterContent/Materials/M_Concrete_Poured.uasset" 823
"D:/Projects/Stealth/AfterCrashesVer/StealthGameRebuild/Content/StarterContent/Textures/T_Concrete_Tiles_D.uasset" 824
"D:/Projects/Stealth/AfterCrashesVer/StealthGameRebuild/Content/StarterContent/Textures/T_Concrete_Tiles_M.uasset" 825
"D:/Projects/Stealth/AfterCrashesVer/StealthGameRebuild/Content/StarterContent/Textures/T_Concrete_Tiles_N.uasset" 826
"D:/Projects/Stealth/AfterCrashesVer/StealthGameRebuild/Content/StarterContent/Textures/T_Concrete_Tiles_Variation_M.uasset" 827
"D:/Projects/Stealth/AfterCrashesVer/StealthGameRebuild/Content/StarterContent/Materials/M_Concrete_Tiles.uasset" 828
"D:/Projects/Stealth/AfterCrashesVer/StealthGameRebuild/Content/StarterContent/Textures/T_Ground_Grass_D.uasset" 829
"D:/Projects/Stealth/AfterCrashesVer/StealthGameRebuild/Content/StarterContent/Textures/T_Ground_Grass_N.uasset" 830
"D:/Projects/Stealth/AfterCrashesVer/StealthGameRebuild/Content/StarterContent/Materials/M_Ground_Grass.uasset" 831
"D:/Projects/Stealth/AfterCrashesVer/StealthGameRebuild/Content/StarterContent/Textures/T_Ground_Gravel_D.uasset" 832
"D:/Projects/Stealth/AfterCrashesVer/StealthGameRebuild/Content/StarterContent/Textures/T_Ground_Gravel_N.uasset" 833
"D:/Projects/Stealth/AfterCrashesVer/StealthGameRebuild/Content/StarterContent/Materials/M_Ground_Gravel.uasset" 834
"D:/Projects/Stealth/AfterCrashesVer/StealthGameRebuild/Content/StarterContent/Textures/T_ground_Moss_D.uasset" 835
"D:/Projects/Stealth/AfterCrashesVer/StealthGameRebuild/Content/StarterContent/Textures/T_Ground_Moss_N.uasset" 836
"D:/Projects/Stealth/AfterCrashesVer/StealthGameRebuild/Content/StarterContent/Materials/M_Ground_Moss.uasset" 837
"D:/Projects/Stealth/AfterCrashesVer/StealthGameRebuild/Content/StarterContent/Materials/M_Metal_Chrome.uasset" 838
"D:/Projects/Stealth/AfterCrashesVer/StealthGameRebuild/Content/StarterContent/Textures/T_Metal_Gold_D.uasset" 839
"D:/Projects/Stealth/AfterCrashesVer/StealthGameRebuild/Content/StarterContent/Materials/M_Metal_Gold.uasset" 840
"D:/Projects/Stealth/AfterCrashesVer/StealthGameRebuild/Content/StarterContent/Textures/T_Metal_Rust_D.uasset" 841
"D:/Projects/Stealth/AfterCrashesVer/StealthGameRebuild/Content/StarterContent/Materials/M_Metal_Rust.uasset" 842
"D:/Projects/Stealth/AfterCrashesVer/StealthGameRebuild/Content/StarterContent/Textures/T_Metal_Steel_D.uasset" 843
"D:/Projects/Stealth/AfterCrashesVer/StealthGameRebuild/Content/StarterContent/Textures/T_Metal_Steel_N.uasset" 844
"D:/Projects/Stealth/AfterCrashesVer/StealthGameRebuild/Content/StarterContent/Materials/M_Metal_Steel.uasset" 845
"D:/Projects/Stealth/AfterCrashesVer/StealthGameRebuild/Content/StarterContent/Textures/T_Rock_Basalt_N.uasset" 846
"D:/Projects/Stealth/AfterCrashesVer/StealthGameRebuild/Content/StarterContent/Materials/M_Rock_Basalt.uasset" 847
"D:/Projects/Stealth/AfterCrashesVer/StealthGameRebuild/Content/StarterContent/Materials/M_Rock_Marble_Polished.uasset" 848
"D:/Projects/Stealth/AfterCrashesVer/StealthGameRebuild/Content/StarterContent/Textures/T_Rock_Sandstone_D.uasset" 849
"D:/Projects/Stealth/AfterCrashesVer/StealthGameRebuild/Content/StarterContent/Textures/T_Rock_Sandstone_N.uasset" 850
"D:/Projects/Stealth/AfterCrashesVer/StealthGameRebuild/Content/StarterContent/Materials/M_Rock_Sandstone.uasset" 851
"D:/Projects/Stealth/AfterCrashesVer/StealthGameRebuild/Content/StarterContent/Textures/T_Rock_Slate_D.uasset" 852
"D:/Projects/Stealth/AfterCrashesVer/StealthGameRebuild/Content/StarterContent/Textures/T_Rock_Slate_N.uasset" 853
"D:/Projects/Stealth/AfterCrashesVer/StealthGameRebuild/Content/StarterContent/Materials/M_Rock_Slate.uasset" 854
"D:/Projects/Stealth/AfterCrashesVer/StealthGameRebuild/Content/StarterContent/Textures/T_Checker_Noise_M.uasset" 855
"D:/Projects/Stealth/AfterCrashesVer/StealthGameRebuild/Content/StarterContent/Textures/T_Single_Tile_N.uasset" 856
"D:/Projects/Stealth/AfterCrashesVer/StealthGameRebuild/Content/StarterContent/Textures/T_Tech_Dot_M.uasset" 857
"D:/Projects/Stealth/AfterCrashesVer/StealthGameRebuild/Content/StarterContent/Textures/T_Tech_Dot_N.uasset" 858
"D:/Projects/Stealth/AfterCrashesVer/StealthGameRebuild/Content/StarterContent/Materials/M_Tech_Checker_Dot.uasset" 859
"D:/Projects/Stealth/AfterCrashesVer/StealthGameRebuild/Content/StarterContent/Textures/T_Tech_Hex_Tile_M.uasset" 860
"D:/Projects/Stealth/AfterCrashesVer/StealthGameRebuild/Content/StarterContent/Textures/T_Tech_Hex_Tile_N.uasset" 861
"D:/Projects/Stealth/AfterCrashesVer/StealthGameRebuild/Content/StarterContent/Materials/M_Tech_Hex_Tile.uasset" 862
"D:/Projects/Stealth/AfterCrashesVer/StealthGameRebuild/Content/StarterContent/Materials/M_Tech_Hex_Tile_Pulse.uasset" 863
"D:/Projects/Stealth/AfterCrashesVer/StealthGameRebuild/Content/StarterContent/Textures/T_Tech_Panel_M.uasset" 864
"D:/Projects/Stealth/AfterCrashesVer/StealthGameRebuild/Content/StarterContent/Textures/T_Tech_Panel_N.uasset" 865
"D:/Projects/Stealth/AfterCrashesVer/StealthGameRebuild/Content/StarterContent/Materials/M_Tech_Panel.uasset" 866
"D:/Projects/Stealth/AfterCrashesVer/StealthGameRebuild/Content/StarterContent/Materials/M_Water_Lake.uasset" 867
"D:/Projects/Stealth/AfterCrashesVer/StealthGameRebuild/Content/StarterContent/Textures/T_Water_M.uasset" 868
"D:/Projects/Stealth/AfterCrashesVer/StealthGameRebuild/Content/StarterContent/Materials/M_Water_Ocean.uasset" 869
"D:/Projects/Stealth/AfterCrashesVer/StealthGameRebuild/Content/StarterContent/Textures/T_Wood_Floor_Walnut_D.uasset" 870
"D:/Projects/Stealth/AfterCrashesVer/StealthGameRebuild/Content/StarterContent/Textures/T_Wood_Floor_Walnut_M.uasset" 871
"D:/Projects/Stealth/AfterCrashesVer/StealthGameRebuild/Content/StarterContent/Textures/T_Wood_Floor_Walnut_N.uasset" 872
"D:/Projects/Stealth/AfterCrashesVer/StealthGameRebuild/Content/StarterContent/Materials/M_Wood_Floor_Walnut_Polished.uasset" 873
"../../../Engine/Content/Functions/Engine_MaterialFunctions01/Opacity/AlphaOffset.uasset" 874
"D:/Projects/Stealth/AfterCrashesVer/StealthGameRebuild/Content/StarterContent/Materials/M_Wood_Floor_Walnut_Worn.uasset" 875
"D:/Projects/Stealth/AfterCrashesVer/StealthGameRebuild/Content/StarterContent/Textures/T_Wood_Oak_D.uasset" 876
"D:/Projects/Stealth/AfterCrashesVer/StealthGameRebuild/Content/StarterContent/Textures/T_Wood_Oak_N.uasset" 877
"D:/Projects/Stealth/AfterCrashesVer/StealthGameRebuild/Content/StarterContent/Materials/M_Wood_Oak.uasset" 878
"D:/Projects/Stealth/AfterCrashesVer/StealthGameRebuild/Content/StarterContent/Textures/T_Wood_Pine_D.uasset" 879
"D:/Projects/Stealth/AfterCrashesVer/StealthGameRebuild/Content/StarterContent/Textures/T_Wood_Pine_N.uasset" 880
"D:/Projects/Stealth/AfterCrashesVer/StealthGameRebuild/Content/StarterContent/Materials/M_Wood_Pine.uasset" 881
"D:/Projects/Stealth/AfterCrashesVer/StealthGameRebuild/Content/StarterContent/Textures/T_Wood_Walnut_D.uasset" 882
"D:/Projects/Stealth/AfterCrashesVer/StealthGameRebuild/Content/StarterContent/Textures/T_Wood_Walnut_N.uasset" 883
"D:/Projects/Stealth/AfterCrashesVer/StealthGameRebuild/Content/StarterContent/Materials/M_Wood_Walnut.uasset" 884
"D:/Projects/Stealth/AfterCrashesVer/StealthGameRebuild/Content/StarterContent/Architecture/Wall_400x200.uasset" 885
"D:/Projects/Stealth/AfterCrashesVer/StealthGameRebuild/Content/StarterContent/Architecture/Wall_Door_400x300.uasset" 886
"D:/Projects/Stealth/AfterCrashesVer/StealthGameRebuild/Content/StarterContent/Architecture/Wall_Window_400x300.uasset" 887
"D:/Projects/Stealth/AfterCrashesVer/StealthGameRebuild/Content/StarterContent/Audio/Collapse_Cue.uasset" 888
"D:/Projects/Stealth/AfterCrashesVer/StealthGameRebuild/Content/StarterContent/Audio/Starter_Music_Cue.uasset" 889
"D:/Projects/Stealth/AfterCrashesVer/StealthGameRebuild/Content/StarterContent/Textures/T_Dust_Particle_D.uasset" 890
"D:/Projects/Stealth/AfterCrashesVer/StealthGameRebuild/Content/StarterContent/Particles/Materials/M_Dust_Particle.uasset" 891
"D:/Projects/Stealth/AfterCrashesVer/StealthGameRebuild/Content/StarterContent/Particles/P_Ambient_Dust.uasset" 892
"D:/Projects/Stealth/AfterCrashesVer/StealthGameRebuild/Content/StarterContent/Props/MaterialSphere.uasset" 893
"D:/Projects/Stealth/AfterCrashesVer/StealthGameRebuild/Content/StarterContent/Textures/T_Frame_M.uasset" 894
"D:/Projects/Stealth/AfterCrashesVer/StealthGameRebuild/Content/StarterContent/Textures/T_Frame_N.uasset" 895
"D:/Projects/Stealth/AfterCrashesVer/StealthGameRebuild/Content/StarterContent/Props/Materials/M_Frame.uasset" 896
"D:/Projects/Stealth/AfterCrashesVer/StealthGameRebuild/Content/StarterContent/Props/SM_CornerFrame.uasset" 897
"D:/Projects/Stealth/AfterCrashesVer/StealthGameRebuild/Content/StarterContent/Props/SM_DoorFrame.uasset" 898
"D:/Projects/Stealth/AfterCrashesVer/StealthGameRebuild/Content/StarterContent/Props/SM_GlassWindow.uasset" 899
"D:/Projects/Stealth/AfterCrashesVer/StealthGameRebuild/Content/StarterContent/Props/SM_PillarFrame.uasset" 900
"D:/Projects/Stealth/AfterCrashesVer/StealthGameRebuild/Content/StarterContent/Props/SM_PillarFrame300.uasset" 901
"D:/Projects/Stealth/AfterCrashesVer/StealthGameRebuild/Content/StarterContent/Props/SM_WindowFrame.uasset" 902
"D:/Projects/Stealth/AfterCrashesVer/StealthGameRebuild/Content/StarterContent/Shapes/Shape_Cube.uasset" 903
"D:/Projects/Stealth/AfterCrashesVer/StealthGameRebuild/Content/StarterContent/Shapes/Shape_QuadPyramid.uasset" 904
"D:/Projects/Stealth/AfterCrashesVer/StealthGameRebuild/Content/StarterContent/Shapes/Shape_Sphere.uasset" 905
"D:/Projects/Stealth/AfterCrashesVer/StealthGameRebuild/Content/StarterContent/Maps/StarterMap.umap" 906
"D:/Projects/Stealth/AfterCrashesVer/StealthGameRebuild/Content/ThirdPersonBP/Maps/ThirdPersonExampleMap_BuiltData.uasset" 907
"D:/Projects/Stealth/AfterCrashesVer/StealthGameRebuild/Content/Geometry/Meshes/1M_Cube.uasset" 908
"D:/Projects/Stealth/AfterCrashesVer/StealthGameRebuild/Content/Geometry/Meshes/1M_Cube_Chamfer.uasset" 909
"D:/Projects/Stealth/AfterCrashesVer/StealthGameRebuild/Content/ThirdPerson/Meshes/RampMaterial.uasset" 910
"D:/Projects/Stealth/AfterCrashesVer/StealthGameRebuild/Content/ThirdPerson/Meshes/Bump_StaticMesh.uasset" 911
"D:/Projects/Stealth/AfterCrashesVer/StealthGameRebuild/Content/ThirdPerson/Meshes/LeftArm_StaticMesh.uasset" 912
"D:/Projects/Stealth/AfterCrashesVer/StealthGameRebuild/Content/ThirdPerson/Meshes/Linear_Stair_StaticMesh.uasset" 913
"D:/Projects/Stealth/AfterCrashesVer/StealthGameRebuild/Content/ThirdPerson/Meshes/Ramp_StaticMesh.uasset" 914
"D:/Projects/Stealth/AfterCrashesVer/StealthGameRebuild/Content/ThirdPerson/Meshes/RightArm_StaticMesh.uasset" 915
"D:/Projects/Stealth/AfterCrashesVer/StealthGameRebuild/Content/ThirdPersonBP/Maps/ThirdPersonExampleMap.umap" 916
"../../../Engine/Content/Maps/Entry_BuiltData.uasset" 917
"../../../Engine/Content/Maps/Entry.umap" 918
